+ source ./common/common_lib.sh
++ source /var/jenkins/workspace/ruyi-test/mugen-ruyi/libs/locallibs/common_lib.sh
+++ python3 --version
+++ '[' 0 -eq 0 ']'
+++ source /var/jenkins/workspace/ruyi-test/mugen-ruyi/libs/locallibs/common_lib_python.sh
+ main
++ type -t post_test
+ '[' -n function ']'
+ trap post_test EXIT INT HUP TERM
+ rpm -qa
+ grep expect
++ type -t config_params
+ '[' -n '' ']'
++ type -t pre_test
+ '[' -n function ']'
+ pre_test
+ LOG_INFO 'Start environmental preparation.'
+ message='Start environmental preparation.'
+ python3 /var/jenkins/workspace/ruyi-test/mugen-ruyi/libs/locallibs/mugen_log.py --level info --message 'Start environmental preparation.'
Thu Nov  9 06:07:12 2023 - INFO  - Start environmental preparation.
+ install_ruyi
+ curl -L -o ruyi https://mirror.iscas.ac.cn/ruyisdk/ruyi/testing/ruyi.amd64.20231107
  % Total    % Received % Xferd  Average Speed   Time    Time     Time  Current
                                 Dload  Upload   Total   Spent    Left  Speed
  0     0    0     0    0     0      0      0 --:--:-- --:--:-- --:--:--     0  0     0    0     0    0     0      0      0 --:--:--  0:00:01 --:--:--     0 17 10.7M   17 1873k    0     0   940k      0  0:00:11  0:00:01  0:00:10  945k 42 10.7M   42 4689k    0     0  1568k      0  0:00:07  0:00:02  0:00:05 1574k 68 10.7M   68 7541k    0     0  1882k      0  0:00:05  0:00:04  0:00:01 1886k 95 10.7M   95 10.2M    0     0  2098k      0  0:00:05  0:00:04  0:00:01 2103k100 10.7M  100 10.7M    0     0  2120k      0  0:00:05  0:00:05 --:--:-- 2723k
+ chmod +x ruyi
++ realpath ruyi
+ ln -s /var/jenkins/workspace/ruyi-test/mugen-ruyi/testcases/cli-test/ruyi/ruyi /usr/bin/ruyi
++ get_ruyi_dir
++ ruyibase=
++ '[' '' == '' ']'
++ ruyibase=/root/.cache/
++ echo /root/.cache//ruyi
+ rm -rf /root/.cache//ruyi
+ LOG_INFO 'End of environmental preparation!'
+ message='End of environmental preparation!'
+ python3 /var/jenkins/workspace/ruyi-test/mugen-ruyi/libs/locallibs/mugen_log.py --level info --message 'End of environmental preparation!'
Thu Nov  9 06:07:19 2023 - INFO  - End of environmental preparation!
++ type -t run_test
+ '[' -n function ']'
+ run_test
+ LOG_INFO 'Start to run test.'
+ message='Start to run test.'
+ python3 /var/jenkins/workspace/ruyi-test/mugen-ruyi/libs/locallibs/mugen_log.py --level info --message 'Start to run test.'
Thu Nov  9 06:07:23 2023 - INFO  - Start to run test.
+ ruyi update
++ ruyi list
++ head -n 1
++ grep -e '^* '
++ cut '-d ' -f 2
+ pkgname=plct
+ http_proxy=http://wrong.proxy
+ https_proxy=http://wrong.proxy
+ ruyi install plct
info: downloading 
https://mirror.iscas.ac.cn/ruyisdk/dist/RuyiSDK-20231026-riscv64-plct-linux-gnu.
tar.xz to 
/root/.cache/ruyi/distfiles/RuyiSDK-20231026-riscv64-plct-linux-gnu.tar.xz
  % Total    % Received % Xferd  Average Speed   Time    Time     Time  Current
                                 Dload  Upload   Total   Spent    Left  Speed
  0     0    0     0    0     0      0      0 --:--:-- --:--:-- --:--:--     0curl: (5) Could not resolve proxy: wrong.proxy
Warning: Problem : timeout. Will retry in 1 seconds. 3 retries left.
  0     0    0     0    0     0      0      0 --:--:-- --:--:-- --:--:--     0curl: (5) Could not resolve proxy: wrong.proxy
Warning: Problem : timeout. Will retry in 2 seconds. 2 retries left.
  0     0    0     0    0     0      0      0 --:--:-- --:--:-- --:--:--     0curl: (5) Could not resolve proxy: wrong.proxy
Warning: Problem : timeout. Will retry in 4 seconds. 1 retries left.
  0     0    0     0    0     0      0      0 --:--:-- --:--:-- --:--:--     0curl: (5) Could not resolve proxy: wrong.proxy
Traceback (most recent call last):
  File "/tmp/onefile_3028_1699510088_751264/ruyi/ruyipkg/distfile.py", line 20, in ensure
FileNotFoundError: [Errno 2] No such file or directory: '/root/.cache/ruyi/distfiles/RuyiSDK-20231026-riscv64-plct-linux-gnu.tar.xz'

During handling of the above exception, another exception occurred:

Traceback (most recent call last):
  File "/tmp/onefile_3028_1699510088_751264/__main__.py", line 11, in <module>
  File "/tmp/onefile_3028_1699510088_751264/ruyi/cli/__init__.py", line 136, in main
  File "/tmp/onefile_3028_1699510088_751264/ruyi/ruyipkg/pkg_cli.py", line 152, in cli_install
  File "/tmp/onefile_3028_1699510088_751264/ruyi/ruyipkg/distfile.py", line 23, in ensure
  File "/tmp/onefile_3028_1699510088_751264/ruyi/ruyipkg/distfile.py", line 59, in fetch_and_ensure_integrity
  File "/tmp/onefile_3028_1699510088_751264/ruyi/ruyipkg/fetch.py", line 90, in fetch
RuntimeError: failed to fetch distfile: command 'curl --retry 3 --connect-timeout 60 --ftp-pasv -o /root/.cache/ruyi/distfiles/RuyiSDK-20231026-riscv64-plct-linux-gnu.tar.xz https://mirror.iscas.ac.cn/ruyisdk/dist/RuyiSDK-20231026-riscv64-plct-linux-gnu.tar.xz' returned 5
+ CHECK_RESULT 1 0 1 'Check ruyi install package from wrong proxy failed'
+ actual_result=1
+ expect_result=0
+ mode=1
+ error_log='Check ruyi install package from wrong proxy failed'
+ exit_mode=0
+ '[' -z 1 ']'
+ '[' 1 -eq 0 ']'
+ test 1x == 0x
+ return 0
+ ruyi install plct
+ grep downloading
info: downloading 
+ CHECK_RESULT 0 0 0 'Check ruyi reinstall package failed'
+ actual_result=0
+ expect_result=0
+ mode=0
+ error_log='Check ruyi reinstall package failed'
+ exit_mode=0
+ '[' -z 0 ']'
+ '[' 0 -eq 0 ']'
+ test 0x '!=' 0x
+ return 0
+ LOG_INFO 'End of the test.'
+ message='End of the test.'
+ python3 /var/jenkins/workspace/ruyi-test/mugen-ruyi/libs/locallibs/mugen_log.py --level info --message 'End of the test.'
Thu Nov  9 06:13:56 2023 - INFO  - End of the test.
+ CASE_RESULT 0
+ case_re=0
+ test -z ''
+ test 0 -eq 0
+ LOG_INFO 'succeed to execute the case.'
+ message='succeed to execute the case.'
+ python3 /var/jenkins/workspace/ruyi-test/mugen-ruyi/libs/locallibs/mugen_log.py --level info --message 'succeed to execute the case.'
Thu Nov  9 06:13:57 2023 - INFO  - succeed to execute the case.
+ exec_result=
+ exit 0
+ post_test
+ LOG_INFO 'start environment cleanup.'
+ message='start environment cleanup.'
+ python3 /var/jenkins/workspace/ruyi-test/mugen-ruyi/libs/locallibs/mugen_log.py --level info --message 'start environment cleanup.'
Thu Nov  9 06:13:58 2023 - INFO  - start environment cleanup.
+ remove_ruyi
+ rm -f ruyi
+ rm -f /usr/bin/ruyi
+ export RUYI_DEBUG=
+ RUYI_DEBUG=
++ get_ruyi_dir
++ ruyibase=
++ '[' '' == '' ']'
++ ruyibase=/root/.cache/
++ echo /root/.cache//ruyi
+ rm -rf /root/.cache//ruyi
+ LOG_INFO 'Finish environment cleanup!'
+ message='Finish environment cleanup!'
+ python3 /var/jenkins/workspace/ruyi-test/mugen-ruyi/libs/locallibs/mugen_log.py --level info --message 'Finish environment cleanup!'
Thu Nov  9 06:14:06 2023 - INFO  - Finish environment cleanup!
