+ source /root/mugen-riscv/libs/locallibs/common_lib.sh
++ python3 --version
++ '[' 0 -eq 0 ']'
++ source /root/mugen-riscv/libs/locallibs/common_lib_python.sh
+ main
++ type -t post_test
+ '[' -n function ']'
+ trap post_test EXIT INT HUP TERM
+ rpm -qa
+ grep expect
++ type -t config_params
+ '[' -n '' ']'
++ type -t pre_test
+ '[' -n function ']'
+ pre_test
+ LOG_INFO 'Start environmental preparation.'
+ message='Start environmental preparation.'
+ python3 /root/mugen-riscv/libs/locallibs/mugen_log.py --level info --message 'Start environmental preparation.'
Fri Aug 25 05:34:41 2023 - INFO  - Start environmental preparation.
+ DNF_INSTALL pesign
+ pkgs=pesign
+ node=1
+ '[' -z '' ']'
+ tmpfile=
++ python3 /root/mugen-riscv/libs/locallibs/rpm_manage.py install --pkgs pesign --node 1 --tempfile ''
+ tmpfile2='Last metadata expiration check: 1:50:00 ago on Fri 25 Aug 2023 03:44:42 AM UTC.
Dependencies resolved.
================================================================================
 Package             Architecture   Version                    Repository  Size
================================================================================
Installing:
 pesign              x86_64         116-1.oe2309               OS         156 k
Installing dependencies:
 nspr                x86_64         4.35.0-2.oe2309            OS         121 k
 nss                 x86_64         3.89.0-1.oe2309            OS         650 k
 nss-softokn         x86_64         3.89.0-1.oe2309            OS         685 k
 nss-util            x86_64         3.89.0-1.oe2309            OS         464 k

Transaction Summary
================================================================================
Install  5 Packages

Total download size: 2.0 M
Installed size: 8.2 M
Downloading Packages:
[MIRROR] nspr-4.35.0-2.oe2309.x86_64.rpm: Curl error (7): Couldn'\''t connect to server for http://121.36.84.172/dailybuild/openEuler-23.09/alpha_openeuler-2023-08-14-14-17-53/OS/x86_64/Packages/nspr-4.35.0-2.oe2309.x86_64.rpm [Failed to connect to 121.36.84.172 port 80 after 0 ms: Couldn'\''t connect to server]
[MIRROR] nss-3.89.0-1.oe2309.x86_64.rpm: Curl error (7): Couldn'\''t connect to server for http://121.36.84.172/dailybuild/openEuler-23.09/alpha_openeuler-2023-08-14-14-17-53/OS/x86_64/Packages/nss-3.89.0-1.oe2309.x86_64.rpm [Failed to connect to 121.36.84.172 port 80 after 0 ms: Couldn'\''t connect to server]
[MIRROR] nss-softokn-3.89.0-1.oe2309.x86_64.rpm: Curl error (7): Couldn'\''t connect to server for http://121.36.84.172/dailybuild/openEuler-23.09/alpha_openeuler-2023-08-14-14-17-53/OS/x86_64/Packages/nss-softokn-3.89.0-1.oe2309.x86_64.rpm [Failed to connect to 121.36.84.172 port 80 after 0 ms: Couldn'\''t connect to server]
[MIRROR] nspr-4.35.0-2.oe2309.x86_64.rpm: Curl error (7): Couldn'\''t connect to server for http://121.36.84.172/dailybuild/openEuler-23.09/alpha_openeuler-2023-08-14-14-17-53/OS/x86_64/Packages/nspr-4.35.0-2.oe2309.x86_64.rpm [Failed to connect to 121.36.84.172 port 80 after 0 ms: Couldn'\''t connect to server]
[MIRROR] nss-3.89.0-1.oe2309.x86_64.rpm: Curl error (7): Couldn'\''t connect to server for http://121.36.84.172/dailybuild/openEuler-23.09/alpha_openeuler-2023-08-14-14-17-53/OS/x86_64/Packages/nss-3.89.0-1.oe2309.x86_64.rpm [Failed to connect to 121.36.84.172 port 80 after 0 ms: Couldn'\''t connect to server]
[MIRROR] nss-softokn-3.89.0-1.oe2309.x86_64.rpm: Curl error (7): Couldn'\''t connect to server for http://121.36.84.172/dailybuild/openEuler-23.09/alpha_openeuler-2023-08-14-14-17-53/OS/x86_64/Packages/nss-softokn-3.89.0-1.oe2309.x86_64.rpm [Failed to connect to 121.36.84.172 port 80 after 0 ms: Couldn'\''t connect to server]
[FAILED] nspr-4.35.0-2.oe2309.x86_64.rpm: No more mirrors to try - All mirrors were already tried without success

The downloaded packages were saved in cache until the next successful transaction.
You can remove cached packages by executing '\''dnf clean packages'\''.
Error: Error downloading packages:
  nspr-4.35.0-2.oe2309.x86_64: Cannot download, all mirrors were already tried without success'
+ '[' -z '' ']'
+ tmpfile='Last metadata expiration check: 1:50:00 ago on Fri 25 Aug 2023 03:44:42 AM UTC.
Dependencies resolved.
================================================================================
 Package             Architecture   Version                    Repository  Size
================================================================================
Installing:
 pesign              x86_64         116-1.oe2309               OS         156 k
Installing dependencies:
 nspr                x86_64         4.35.0-2.oe2309            OS         121 k
 nss                 x86_64         3.89.0-1.oe2309            OS         650 k
 nss-softokn         x86_64         3.89.0-1.oe2309            OS         685 k
 nss-util            x86_64         3.89.0-1.oe2309            OS         464 k

Transaction Summary
================================================================================
Install  5 Packages

Total download size: 2.0 M
Installed size: 8.2 M
Downloading Packages:
[MIRROR] nspr-4.35.0-2.oe2309.x86_64.rpm: Curl error (7): Couldn'\''t connect to server for http://121.36.84.172/dailybuild/openEuler-23.09/alpha_openeuler-2023-08-14-14-17-53/OS/x86_64/Packages/nspr-4.35.0-2.oe2309.x86_64.rpm [Failed to connect to 121.36.84.172 port 80 after 0 ms: Couldn'\''t connect to server]
[MIRROR] nss-3.89.0-1.oe2309.x86_64.rpm: Curl error (7): Couldn'\''t connect to server for http://121.36.84.172/dailybuild/openEuler-23.09/alpha_openeuler-2023-08-14-14-17-53/OS/x86_64/Packages/nss-3.89.0-1.oe2309.x86_64.rpm [Failed to connect to 121.36.84.172 port 80 after 0 ms: Couldn'\''t connect to server]
[MIRROR] nss-softokn-3.89.0-1.oe2309.x86_64.rpm: Curl error (7): Couldn'\''t connect to server for http://121.36.84.172/dailybuild/openEuler-23.09/alpha_openeuler-2023-08-14-14-17-53/OS/x86_64/Packages/nss-softokn-3.89.0-1.oe2309.x86_64.rpm [Failed to connect to 121.36.84.172 port 80 after 0 ms: Couldn'\''t connect to server]
[MIRROR] nspr-4.35.0-2.oe2309.x86_64.rpm: Curl error (7): Couldn'\''t connect to server for http://121.36.84.172/dailybuild/openEuler-23.09/alpha_openeuler-2023-08-14-14-17-53/OS/x86_64/Packages/nspr-4.35.0-2.oe2309.x86_64.rpm [Failed to connect to 121.36.84.172 port 80 after 0 ms: Couldn'\''t connect to server]
[MIRROR] nss-3.89.0-1.oe2309.x86_64.rpm: Curl error (7): Couldn'\''t connect to server for http://121.36.84.172/dailybuild/openEuler-23.09/alpha_openeuler-2023-08-14-14-17-53/OS/x86_64/Packages/nss-3.89.0-1.oe2309.x86_64.rpm [Failed to connect to 121.36.84.172 port 80 after 0 ms: Couldn'\''t connect to server]
[MIRROR] nss-softokn-3.89.0-1.oe2309.x86_64.rpm: Curl error (7): Couldn'\''t connect to server for http://121.36.84.172/dailybuild/openEuler-23.09/alpha_openeuler-2023-08-14-14-17-53/OS/x86_64/Packages/nss-softokn-3.89.0-1.oe2309.x86_64.rpm [Failed to connect to 121.36.84.172 port 80 after 0 ms: Couldn'\''t connect to server]
[FAILED] nspr-4.35.0-2.oe2309.x86_64.rpm: No more mirrors to try - All mirrors were already tried without success

The downloaded packages were saved in cache until the next successful transaction.
You can remove cached packages by executing '\''dnf clean packages'\''.
Error: Error downloading packages:
  nspr-4.35.0-2.oe2309.x86_64: Cannot download, all mirrors were already tried without success'
+ mkdir pesigntest
+ cd pesigntest
+ cp ../common/baidu.zip ./
+ cp ../common/grubx64.efi ./
+ unzip baidu.zip
oe_test_pesign_base_01.sh: line 29: unzip: command not found
+ LOG_INFO 'End of environmental preparation!'
+ message='End of environmental preparation!'
+ python3 /root/mugen-riscv/libs/locallibs/mugen_log.py --level info --message 'End of environmental preparation!'
Fri Aug 25 05:34:42 2023 - INFO  - End of environmental preparation!
++ type -t run_test
+ '[' -n function ']'
+ run_test
+ LOG_INFO 'Start to run test.'
+ message='Start to run test.'
+ python3 /root/mugen-riscv/libs/locallibs/mugen_log.py --level info --message 'Start to run test.'
Fri Aug 25 05:34:42 2023 - INFO  - Start to run test.
+ pesign '-?'
+ grep 'Usage: pesign'
+ CHECK_RESULT 1 0 0 'Check pesign -?  failed'
+ actual_result=1
+ expect_result=0
+ mode=0
+ error_log='Check pesign -?  failed'
+ '[' -z 1 ']'
+ '[' 0 -eq 0 ']'
+ test 1x '!=' 0x
+ test -n 'Check pesign -?  failed'
+ LOG_ERROR 'Check pesign -?  failed'
+ message='Check pesign -?  failed'
+ python3 /root/mugen-riscv/libs/locallibs/mugen_log.py --level error --message 'Check pesign -?  failed'
Fri Aug 25 05:34:42 2023 - ERROR - Check pesign -?  failed
+ (( exec_result++ ))
+ LOG_ERROR 'oe_test_pesign_base_01.sh line 36'
+ message='oe_test_pesign_base_01.sh line 36'
+ python3 /root/mugen-riscv/libs/locallibs/mugen_log.py --level error --message 'oe_test_pesign_base_01.sh line 36'
Fri Aug 25 05:34:42 2023 - ERROR - oe_test_pesign_base_01.sh line 36
+ return 0
+ pesign --help
+ grep 'Usage: pesign'
+ CHECK_RESULT 1 0 0 'Check pesign --help  failed'
+ actual_result=1
+ expect_result=0
+ mode=0
+ error_log='Check pesign --help  failed'
+ '[' -z 1 ']'
+ '[' 0 -eq 0 ']'
+ test 1x '!=' 0x
+ test -n 'Check pesign --help  failed'
+ LOG_ERROR 'Check pesign --help  failed'
+ message='Check pesign --help  failed'
+ python3 /root/mugen-riscv/libs/locallibs/mugen_log.py --level error --message 'Check pesign --help  failed'
Fri Aug 25 05:34:42 2023 - ERROR - Check pesign --help  failed
+ (( exec_result++ ))
+ LOG_ERROR 'oe_test_pesign_base_01.sh line 38'
+ message='oe_test_pesign_base_01.sh line 38'
+ python3 /root/mugen-riscv/libs/locallibs/mugen_log.py --level error --message 'oe_test_pesign_base_01.sh line 38'
Fri Aug 25 05:34:42 2023 - ERROR - oe_test_pesign_base_01.sh line 38
+ return 0
+ pesign --usage
+ grep 'Usage: pesign'
+ CHECK_RESULT 1 0 0 'Check pesign --usage  failed'
+ actual_result=1
+ expect_result=0
+ mode=0
+ error_log='Check pesign --usage  failed'
+ '[' -z 1 ']'
+ '[' 0 -eq 0 ']'
+ test 1x '!=' 0x
+ test -n 'Check pesign --usage  failed'
+ LOG_ERROR 'Check pesign --usage  failed'
+ message='Check pesign --usage  failed'
+ python3 /root/mugen-riscv/libs/locallibs/mugen_log.py --level error --message 'Check pesign --usage  failed'
Fri Aug 25 05:34:42 2023 - ERROR - Check pesign --usage  failed
+ (( exec_result++ ))
+ LOG_ERROR 'oe_test_pesign_base_01.sh line 40'
+ message='oe_test_pesign_base_01.sh line 40'
+ python3 /root/mugen-riscv/libs/locallibs/mugen_log.py --level error --message 'oe_test_pesign_base_01.sh line 40'
Fri Aug 25 05:34:42 2023 - ERROR - oe_test_pesign_base_01.sh line 40
+ return 0
+ pesign -i grubx64.efi -o grubx64.efi.signed -c 'ALT Linux UEFI SB CA' -s -n ./baidu -t 'NSS Certificate DB' -a -v -p -P -N
oe_test_pesign_base_01.sh: line 41: pesign: command not found
+ CHECK_RESULT 127 0 0 'Check pesign -i -o -c -s -n -t -a -v -p -P -N failed'
+ actual_result=127
+ expect_result=0
+ mode=0
+ error_log='Check pesign -i -o -c -s -n -t -a -v -p -P -N failed'
+ '[' -z 127 ']'
+ '[' 0 -eq 0 ']'
+ test 127x '!=' 0x
+ test -n 'Check pesign -i -o -c -s -n -t -a -v -p -P -N failed'
+ LOG_ERROR 'Check pesign -i -o -c -s -n -t -a -v -p -P -N failed'
+ message='Check pesign -i -o -c -s -n -t -a -v -p -P -N failed'
+ python3 /root/mugen-riscv/libs/locallibs/mugen_log.py --level error --message 'Check pesign -i -o -c -s -n -t -a -v -p -P -N failed'
Fri Aug 25 05:34:42 2023 - ERROR - Check pesign -i -o -c -s -n -t -a -v -p -P -N failed
+ (( exec_result++ ))
+ LOG_ERROR 'oe_test_pesign_base_01.sh line 42'
+ message='oe_test_pesign_base_01.sh line 42'
+ python3 /root/mugen-riscv/libs/locallibs/mugen_log.py --level error --message 'oe_test_pesign_base_01.sh line 42'
Fri Aug 25 05:34:43 2023 - ERROR - oe_test_pesign_base_01.sh line 42
+ return 0
+ rm -rf grubx64.efi.signed
+ pesign --in=grubx64.efi --out=grubx64.efi.signed '--certificate=ALT Linux UEFI SB CA' --sign --certdir=./baidu -t 'NSS Certificate DB' '--nss-token=NSS Certificate DB' --ascii-armor --verbose --nopadding --nofork --nopadding
oe_test_pesign_base_01.sh: line 44: pesign: command not found
+ CHECK_RESULT 127 0 0 'Check pesign --in --out --certificate --sign --certdir -t --nss-token --ascii-armor --verbose --nopadding --nofork --nopadding failed'
+ actual_result=127
+ expect_result=0
+ mode=0
+ error_log='Check pesign --in --out --certificate --sign --certdir -t --nss-token --ascii-armor --verbose --nopadding --nofork --nopadding failed'
+ '[' -z 127 ']'
+ '[' 0 -eq 0 ']'
+ test 127x '!=' 0x
+ test -n 'Check pesign --in --out --certificate --sign --certdir -t --nss-token --ascii-armor --verbose --nopadding --nofork --nopadding failed'
+ LOG_ERROR 'Check pesign --in --out --certificate --sign --certdir -t --nss-token --ascii-armor --verbose --nopadding --nofork --nopadding failed'
+ message='Check pesign --in --out --certificate --sign --certdir -t --nss-token --ascii-armor --verbose --nopadding --nofork --nopadding failed'
+ python3 /root/mugen-riscv/libs/locallibs/mugen_log.py --level error --message 'Check pesign --in --out --certificate --sign --certdir -t --nss-token --ascii-armor --verbose --nopadding --nofork --nopadding failed'
Fri Aug 25 05:34:43 2023 - ERROR - Check pesign --in --out --certificate --sign --certdir -t --nss-token --ascii-armor --verbose --nopadding --nofork --nopadding failed
+ (( exec_result++ ))
+ LOG_ERROR 'oe_test_pesign_base_01.sh line 45'
+ message='oe_test_pesign_base_01.sh line 45'
+ python3 /root/mugen-riscv/libs/locallibs/mugen_log.py --level error --message 'oe_test_pesign_base_01.sh line 45'
Fri Aug 25 05:34:43 2023 - ERROR - oe_test_pesign_base_01.sh line 45
+ return 0
+ pesign -i grubx64.efi -n ./baidu -h -d sha256 -V
oe_test_pesign_base_01.sh: line 46: pesign: command not found
+ grep grubx64.efi
+ CHECK_RESULT 1 0 0 'Check pesign -h -d -V failed'
+ actual_result=1
+ expect_result=0
+ mode=0
+ error_log='Check pesign -h -d -V failed'
+ '[' -z 1 ']'
+ '[' 0 -eq 0 ']'
+ test 1x '!=' 0x
+ test -n 'Check pesign -h -d -V failed'
+ LOG_ERROR 'Check pesign -h -d -V failed'
+ message='Check pesign -h -d -V failed'
+ python3 /root/mugen-riscv/libs/locallibs/mugen_log.py --level error --message 'Check pesign -h -d -V failed'
Fri Aug 25 05:34:43 2023 - ERROR - Check pesign -h -d -V failed
+ (( exec_result++ ))
+ LOG_ERROR 'oe_test_pesign_base_01.sh line 47'
+ message='oe_test_pesign_base_01.sh line 47'
+ python3 /root/mugen-riscv/libs/locallibs/mugen_log.py --level error --message 'oe_test_pesign_base_01.sh line 47'
Fri Aug 25 05:34:43 2023 - ERROR - oe_test_pesign_base_01.sh line 47
+ return 0
+ pesign -i grubx64.efi -n ./baidu --hash --digest_type=sha256 --no-vendor-cert
+ grep grubx64.efi
oe_test_pesign_base_01.sh: line 48: pesign: command not found
+ CHECK_RESULT 1 0 0 'Check pesign --hash --digest_type --no-vendor-cert failed'
+ actual_result=1
+ expect_result=0
+ mode=0
+ error_log='Check pesign --hash --digest_type --no-vendor-cert failed'
+ '[' -z 1 ']'
+ '[' 0 -eq 0 ']'
+ test 1x '!=' 0x
+ test -n 'Check pesign --hash --digest_type --no-vendor-cert failed'
+ LOG_ERROR 'Check pesign --hash --digest_type --no-vendor-cert failed'
+ message='Check pesign --hash --digest_type --no-vendor-cert failed'
+ python3 /root/mugen-riscv/libs/locallibs/mugen_log.py --level error --message 'Check pesign --hash --digest_type --no-vendor-cert failed'
Fri Aug 25 05:34:43 2023 - ERROR - Check pesign --hash --digest_type --no-vendor-cert failed
+ (( exec_result++ ))
+ LOG_ERROR 'oe_test_pesign_base_01.sh line 49'
+ message='oe_test_pesign_base_01.sh line 49'
+ python3 /root/mugen-riscv/libs/locallibs/mugen_log.py --level error --message 'oe_test_pesign_base_01.sh line 49'
Fri Aug 25 05:34:43 2023 - ERROR - oe_test_pesign_base_01.sh line 49
+ return 0
+ pesign -u 'ALT UEFI SB CA 2013' -r -i grubx64.efi.signed -o out
oe_test_pesign_base_01.sh: line 50: pesign: command not found
+ CHECK_RESULT 127 0 0 'Check pesign -u failed'
+ actual_result=127
+ expect_result=0
+ mode=0
+ error_log='Check pesign -u failed'
+ '[' -z 127 ']'
+ '[' 0 -eq 0 ']'
+ test 127x '!=' 0x
+ test -n 'Check pesign -u failed'
+ LOG_ERROR 'Check pesign -u failed'
+ message='Check pesign -u failed'
+ python3 /root/mugen-riscv/libs/locallibs/mugen_log.py --level error --message 'Check pesign -u failed'
Fri Aug 25 05:34:43 2023 - ERROR - Check pesign -u failed
+ (( exec_result++ ))
+ LOG_ERROR 'oe_test_pesign_base_01.sh line 51'
+ message='oe_test_pesign_base_01.sh line 51'
+ python3 /root/mugen-riscv/libs/locallibs/mugen_log.py --level error --message 'oe_test_pesign_base_01.sh line 51'
Fri Aug 25 05:34:43 2023 - ERROR - oe_test_pesign_base_01.sh line 51
+ return 0
+ pesign '--signature-number=ALT UEFI SB CA 2013' --remove-signature -i grubx64.efi.signed -o out1
oe_test_pesign_base_01.sh: line 52: pesign: command not found
+ CHECK_RESULT 127 0 0 'Check pesign --signature-number failed'
+ actual_result=127
+ expect_result=0
+ mode=0
+ error_log='Check pesign --signature-number failed'
+ '[' -z 127 ']'
+ '[' 0 -eq 0 ']'
+ test 127x '!=' 0x
+ test -n 'Check pesign --signature-number failed'
+ LOG_ERROR 'Check pesign --signature-number failed'
+ message='Check pesign --signature-number failed'
+ python3 /root/mugen-riscv/libs/locallibs/mugen_log.py --level error --message 'Check pesign --signature-number failed'
Fri Aug 25 05:34:43 2023 - ERROR - Check pesign --signature-number failed
+ (( exec_result++ ))
+ LOG_ERROR 'oe_test_pesign_base_01.sh line 53'
+ message='oe_test_pesign_base_01.sh line 53'
+ python3 /root/mugen-riscv/libs/locallibs/mugen_log.py --level error --message 'oe_test_pesign_base_01.sh line 53'
Fri Aug 25 05:34:43 2023 - ERROR - oe_test_pesign_base_01.sh line 53
+ return 0
+ pesign -i grubx64.efi.signed -S
oe_test_pesign_base_01.sh: line 54: pesign: command not found
+ grep 'certificate address'
+ CHECK_RESULT 1 0 0 'Check pesign -i -S failed'
+ actual_result=1
+ expect_result=0
+ mode=0
+ error_log='Check pesign -i -S failed'
+ '[' -z 1 ']'
+ '[' 0 -eq 0 ']'
+ test 1x '!=' 0x
+ test -n 'Check pesign -i -S failed'
+ LOG_ERROR 'Check pesign -i -S failed'
+ message='Check pesign -i -S failed'
+ python3 /root/mugen-riscv/libs/locallibs/mugen_log.py --level error --message 'Check pesign -i -S failed'
Fri Aug 25 05:34:43 2023 - ERROR - Check pesign -i -S failed
+ (( exec_result++ ))
+ LOG_ERROR 'oe_test_pesign_base_01.sh line 55'
+ message='oe_test_pesign_base_01.sh line 55'
+ python3 /root/mugen-riscv/libs/locallibs/mugen_log.py --level error --message 'oe_test_pesign_base_01.sh line 55'
Fri Aug 25 05:34:43 2023 - ERROR - oe_test_pesign_base_01.sh line 55
+ return 0
+ LOG_INFO 'End to run test.'
+ message='End to run test.'
+ python3 /root/mugen-riscv/libs/locallibs/mugen_log.py --level info --message 'End to run test.'
Fri Aug 25 05:34:43 2023 - INFO  - End to run test.
+ CASE_RESULT 0
+ case_re=0
+ test -z 10
+ test 10 -gt 0
+ LOG_ERROR 'failed to execute the case.'
+ message='failed to execute the case.'
+ python3 /root/mugen-riscv/libs/locallibs/mugen_log.py --level error --message 'failed to execute the case.'
Fri Aug 25 05:34:43 2023 - ERROR - failed to execute the case.
+ exit 10
+ post_test
+ LOG_INFO 'Start to restore the test environment.'
+ message='Start to restore the test environment.'
+ python3 /root/mugen-riscv/libs/locallibs/mugen_log.py --level info --message 'Start to restore the test environment.'
Fri Aug 25 05:34:43 2023 - INFO  - Start to restore the test environment.
+ DNF_REMOVE
+ node=1
+ pkg_list=
+ mode=0
+ [[ -z Last metadata expiration check: 1:50:00 ago on Fri 25 Aug 2023 03:44:42 AM UTC.
Dependencies resolved.
================================================================================
 Package             Architecture   Version                    Repository  Size
================================================================================
Installing:
 pesign              x86_64         116-1.oe2309               OS         156 k
Installing dependencies:
 nspr                x86_64         4.35.0-2.oe2309            OS         121 k
 nss                 x86_64         3.89.0-1.oe2309            OS         650 k
 nss-softokn         x86_64         3.89.0-1.oe2309            OS         685 k
 nss-util            x86_64         3.89.0-1.oe2309            OS         464 k

Transaction Summary
================================================================================
Install  5 Packages

Total download size: 2.0 M
Installed size: 8.2 M
Downloading Packages:
[MIRROR] nspr-4.35.0-2.oe2309.x86_64.rpm: Curl error (7): Couldn't connect to server for http://121.36.84.172/dailybuild/openEuler-23.09/alpha_openeuler-2023-08-14-14-17-53/OS/x86_64/Packages/nspr-4.35.0-2.oe2309.x86_64.rpm [Failed to connect to 121.36.84.172 port 80 after 0 ms: Couldn't connect to server]
[MIRROR] nss-3.89.0-1.oe2309.x86_64.rpm: Curl error (7): Couldn't connect to server for http://121.36.84.172/dailybuild/openEuler-23.09/alpha_openeuler-2023-08-14-14-17-53/OS/x86_64/Packages/nss-3.89.0-1.oe2309.x86_64.rpm [Failed to connect to 121.36.84.172 port 80 after 0 ms: Couldn't connect to server]
[MIRROR] nss-softokn-3.89.0-1.oe2309.x86_64.rpm: Curl error (7): Couldn't connect to server for http://121.36.84.172/dailybuild/openEuler-23.09/alpha_openeuler-2023-08-14-14-17-53/OS/x86_64/Packages/nss-softokn-3.89.0-1.oe2309.x86_64.rpm [Failed to connect to 121.36.84.172 port 80 after 0 ms: Couldn't connect to server]
[MIRROR] nspr-4.35.0-2.oe2309.x86_64.rpm: Curl error (7): Couldn't connect to server for http://121.36.84.172/dailybuild/openEuler-23.09/alpha_openeuler-2023-08-14-14-17-53/OS/x86_64/Packages/nspr-4.35.0-2.oe2309.x86_64.rpm [Failed to connect to 121.36.84.172 port 80 after 0 ms: Couldn't connect to server]
[MIRROR] nss-3.89.0-1.oe2309.x86_64.rpm: Curl error (7): Couldn't connect to server for http://121.36.84.172/dailybuild/openEuler-23.09/alpha_openeuler-2023-08-14-14-17-53/OS/x86_64/Packages/nss-3.89.0-1.oe2309.x86_64.rpm [Failed to connect to 121.36.84.172 port 80 after 0 ms: Couldn't connect to server]
[MIRROR] nss-softokn-3.89.0-1.oe2309.x86_64.rpm: Curl error (7): Couldn't connect to server for http://121.36.84.172/dailybuild/openEuler-23.09/alpha_openeuler-2023-08-14-14-17-53/OS/x86_64/Packages/nss-softokn-3.89.0-1.oe2309.x86_64.rpm [Failed to connect to 121.36.84.172 port 80 after 0 ms: Couldn't connect to server]
[FAILED] nspr-4.35.0-2.oe2309.x86_64.rpm: No more mirrors to try - All mirrors were already tried without success

The downloaded packages were saved in cache until the next successful transaction.
You can remove cached packages by executing 'dnf clean packages'.
Error: Error downloading packages:
  nspr-4.35.0-2.oe2309.x86_64: Cannot download, all mirrors were already tried without success ]]
+ '[' 0 -ne 0 ']'
+ '[' 1 == 0 ']'
+ python3 /root/mugen-riscv/libs/locallibs/rpm_manage.py remove --node 1 --pkgs '' --tempfile 'Last metadata expiration check: 1:50:00 ago on Fri 25 Aug 2023 03:44:42 AM UTC.
Dependencies resolved.
================================================================================
 Package             Architecture   Version                    Repository  Size
================================================================================
Installing:
 pesign              x86_64         116-1.oe2309               OS         156 k
Installing dependencies:
 nspr                x86_64         4.35.0-2.oe2309            OS         121 k
 nss                 x86_64         3.89.0-1.oe2309            OS         650 k
 nss-softokn         x86_64         3.89.0-1.oe2309            OS         685 k
 nss-util            x86_64         3.89.0-1.oe2309            OS         464 k

Transaction Summary
================================================================================
Install  5 Packages

Total download size: 2.0 M
Installed size: 8.2 M
Downloading Packages:
[MIRROR] nspr-4.35.0-2.oe2309.x86_64.rpm: Curl error (7): Couldn'\''t connect to server for http://121.36.84.172/dailybuild/openEuler-23.09/alpha_openeuler-2023-08-14-14-17-53/OS/x86_64/Packages/nspr-4.35.0-2.oe2309.x86_64.rpm [Failed to connect to 121.36.84.172 port 80 after 0 ms: Couldn'\''t connect to server]
[MIRROR] nss-3.89.0-1.oe2309.x86_64.rpm: Curl error (7): Couldn'\''t connect to server for http://121.36.84.172/dailybuild/openEuler-23.09/alpha_openeuler-2023-08-14-14-17-53/OS/x86_64/Packages/nss-3.89.0-1.oe2309.x86_64.rpm [Failed to connect to 121.36.84.172 port 80 after 0 ms: Couldn'\''t connect to server]
[MIRROR] nss-softokn-3.89.0-1.oe2309.x86_64.rpm: Curl error (7): Couldn'\''t connect to server for http://121.36.84.172/dailybuild/openEuler-23.09/alpha_openeuler-2023-08-14-14-17-53/OS/x86_64/Packages/nss-softokn-3.89.0-1.oe2309.x86_64.rpm [Failed to connect to 121.36.84.172 port 80 after 0 ms: Couldn'\''t connect to server]
[MIRROR] nspr-4.35.0-2.oe2309.x86_64.rpm: Curl error (7): Couldn'\''t connect to server for http://121.36.84.172/dailybuild/openEuler-23.09/alpha_openeuler-2023-08-14-14-17-53/OS/x86_64/Packages/nspr-4.35.0-2.oe2309.x86_64.rpm [Failed to connect to 121.36.84.172 port 80 after 0 ms: Couldn'\''t connect to server]
[MIRROR] nss-3.89.0-1.oe2309.x86_64.rpm: Curl error (7): Couldn'\''t connect to server for http://121.36.84.172/dailybuild/openEuler-23.09/alpha_openeuler-2023-08-14-14-17-53/OS/x86_64/Packages/nss-3.89.0-1.oe2309.x86_64.rpm [Failed to connect to 121.36.84.172 port 80 after 0 ms: Couldn'\''t connect to server]
[MIRROR] nss-softokn-3.89.0-1.oe2309.x86_64.rpm: Curl error (7): Couldn'\''t connect to server for http://121.36.84.172/dailybuild/openEuler-23.09/alpha_openeuler-2023-08-14-14-17-53/OS/x86_64/Packages/nss-softokn-3.89.0-1.oe2309.x86_64.rpm [Failed to connect to 121.36.84.172 port 80 after 0 ms: Couldn'\''t connect to server]
[FAILED] nspr-4.35.0-2.oe2309.x86_64.rpm: No more mirrors to try - All mirrors were already tried without success

The downloaded packages were saved in cache until the next successful transaction.
You can remove cached packages by executing '\''dnf clean packages'\''.
Error: Error downloading packages:
  nspr-4.35.0-2.oe2309.x86_64: Cannot download, all mirrors were already tried without success'
Traceback (most recent call last):
  File "/root/mugen-riscv/libs/locallibs/rpm_manage.py", line 181, in <module>
    exitcode = rpm_remove(args.node, args.pkgs, args.tempfile)
               ^^^^^^^^^^^^^^^^^^^^^^^^^^^^^^^^^^^^^^^^^^^^^^^
  File "/root/mugen-riscv/libs/locallibs/rpm_manage.py", line 152, in rpm_remove
    with open(tmpfile, "r") as f:
         ^^^^^^^^^^^^^^^^^^
OSError: [Errno 36] File name too long: "Last metadata expiration check: 1:50:00 ago on Fri 25 Aug 2023 03:44:42 AM UTC.\nDependencies resolved.\n================================================================================\n Package             Architecture   Version                    Repository  Size\n================================================================================\nInstalling:\n pesign              x86_64         116-1.oe2309               OS         156 k\nInstalling dependencies:\n nspr                x86_64         4.35.0-2.oe2309            OS         121 k\n nss                 x86_64         3.89.0-1.oe2309            OS         650 k\n nss-softokn         x86_64         3.89.0-1.oe2309            OS         685 k\n nss-util            x86_64         3.89.0-1.oe2309            OS         464 k\n\nTransaction Summary\n================================================================================\nInstall  5 Packages\n\nTotal download size: 2.0 M\nInstalled size: 8.2 M\nDownloading Packages:\n[MIRROR] nspr-4.35.0-2.oe2309.x86_64.rpm: Curl error (7): Couldn't connect to server for http://121.36.84.172/dailybuild/openEuler-23.09/alpha_openeuler-2023-08-14-14-17-53/OS/x86_64/Packages/nspr-4.35.0-2.oe2309.x86_64.rpm [Failed to connect to 121.36.84.172 port 80 after 0 ms: Couldn't connect to server]\n[MIRROR] nss-3.89.0-1.oe2309.x86_64.rpm: Curl error (7): Couldn't connect to server for http://121.36.84.172/dailybuild/openEuler-23.09/alpha_openeuler-2023-08-14-14-17-53/OS/x86_64/Packages/nss-3.89.0-1.oe2309.x86_64.rpm [Failed to connect to 121.36.84.172 port 80 after 0 ms: Couldn't connect to server]\n[MIRROR] nss-softokn-3.89.0-1.oe2309.x86_64.rpm: Curl error (7): Couldn't connect to server for http://121.36.84.172/dailybuild/openEuler-23.09/alpha_openeuler-2023-08-14-14-17-53/OS/x86_64/Packages/nss-softokn-3.89.0-1.oe2309.x86_64.rpm [Failed to connect to 121.36.84.172 port 80 after 0 ms: Couldn't connect to server]\n[MIRROR] nspr-4.35.0-2.oe2309.x86_64.rpm: Curl error (7): Couldn't connect to server for http://121.36.84.172/dailybuild/openEuler-23.09/alpha_openeuler-2023-08-14-14-17-53/OS/x86_64/Packages/nspr-4.35.0-2.oe2309.x86_64.rpm [Failed to connect to 121.36.84.172 port 80 after 0 ms: Couldn't connect to server]\n[MIRROR] nss-3.89.0-1.oe2309.x86_64.rpm: Curl error (7): Couldn't connect to server for http://121.36.84.172/dailybuild/openEuler-23.09/alpha_openeuler-2023-08-14-14-17-53/OS/x86_64/Packages/nss-3.89.0-1.oe2309.x86_64.rpm [Failed to connect to 121.36.84.172 port 80 after 0 ms: Couldn't connect to server]\n[MIRROR] nss-softokn-3.89.0-1.oe2309.x86_64.rpm: Curl error (7): Couldn't connect to server for http://121.36.84.172/dailybuild/openEuler-23.09/alpha_openeuler-2023-08-14-14-17-53/OS/x86_64/Packages/nss-softokn-3.89.0-1.oe2309.x86_64.rpm [Failed to connect to 121.36.84.172 port 80 after 0 ms: Couldn't connect to server]\n[FAILED] nspr-4.35.0-2.oe2309.x86_64.rpm: No more mirrors to try - All mirrors were already tried without success\n\nThe downloaded packages were saved in cache until the next successful transaction.\nYou can remove cached packages by executing 'dnf clean packages'.\nError: Error downloading packages:\n  nspr-4.35.0-2.oe2309.x86_64: Cannot download, all mirrors were already tried without success"
+ '[' 0 -ne 0 ']'
+ cd ..
+ rm -rf pesigntest
+ ps -ef
+ grep grubx64.efi
+ grep -v grep
+ awk '{print $2}'
+ xargs kill -9
kill: not enough arguments
+ LOG_INFO 'Finish restore the test environment.'
+ message='Finish restore the test environment.'
+ python3 /root/mugen-riscv/libs/locallibs/mugen_log.py --level info --message 'Finish restore the test environment.'
Fri Aug 25 05:34:43 2023 - INFO  - Finish restore the test environment.
