+ source /root/mugen-riscv/libs/locallibs/common_lib.sh
++ python3 --version
++ '[' 0 -eq 0 ']'
++ source /root/mugen-riscv/libs/locallibs/common_lib_python.sh
+ main
++ type -t post_test
+ '[' -n function ']'
+ trap post_test EXIT INT HUP TERM
+ rpm -qa
+ grep expect
++ type -t config_params
+ '[' -n '' ']'
++ type -t pre_test
+ '[' -n function ']'
+ pre_test
+ LOG_INFO 'Start environmental preparation.'
+ message='Start environmental preparation.'
+ python3 /root/mugen-riscv/libs/locallibs/mugen_log.py --level info --message 'Start environmental preparation.'
Fri Aug 25 05:34:45 2023 - INFO  - Start environmental preparation.
+ DNF_INSTALL pesign
+ pkgs=pesign
+ node=1
+ '[' -z '' ']'
+ tmpfile=
++ python3 /root/mugen-riscv/libs/locallibs/rpm_manage.py install --pkgs pesign --node 1 --tempfile ''
+ tmpfile2='Last metadata expiration check: 1:50:04 ago on Fri 25 Aug 2023 03:44:42 AM UTC.
Dependencies resolved.
================================================================================
 Package             Architecture   Version                    Repository  Size
================================================================================
Installing:
 pesign              x86_64         116-1.oe2309               OS         156 k
Installing dependencies:
 nspr                x86_64         4.35.0-2.oe2309            OS         121 k
 nss                 x86_64         3.89.0-1.oe2309            OS         650 k
 nss-softokn         x86_64         3.89.0-1.oe2309            OS         685 k
 nss-util            x86_64         3.89.0-1.oe2309            OS         464 k

Transaction Summary
================================================================================
Install  5 Packages

Total download size: 2.0 M
Installed size: 8.2 M
Downloading Packages:
[MIRROR] nspr-4.35.0-2.oe2309.x86_64.rpm: Curl error (7): Couldn'\''t connect to server for http://121.36.84.172/dailybuild/openEuler-23.09/alpha_openeuler-2023-08-14-14-17-53/OS/x86_64/Packages/nspr-4.35.0-2.oe2309.x86_64.rpm [Failed to connect to 121.36.84.172 port 80 after 0 ms: Couldn'\''t connect to server]
[MIRROR] nss-3.89.0-1.oe2309.x86_64.rpm: Curl error (7): Couldn'\''t connect to server for http://121.36.84.172/dailybuild/openEuler-23.09/alpha_openeuler-2023-08-14-14-17-53/OS/x86_64/Packages/nss-3.89.0-1.oe2309.x86_64.rpm [Failed to connect to 121.36.84.172 port 80 after 0 ms: Couldn'\''t connect to server]
[MIRROR] nss-softokn-3.89.0-1.oe2309.x86_64.rpm: Curl error (7): Couldn'\''t connect to server for http://121.36.84.172/dailybuild/openEuler-23.09/alpha_openeuler-2023-08-14-14-17-53/OS/x86_64/Packages/nss-softokn-3.89.0-1.oe2309.x86_64.rpm [Failed to connect to 121.36.84.172 port 80 after 0 ms: Couldn'\''t connect to server]
[MIRROR] nspr-4.35.0-2.oe2309.x86_64.rpm: Curl error (7): Couldn'\''t connect to server for http://121.36.84.172/dailybuild/openEuler-23.09/alpha_openeuler-2023-08-14-14-17-53/OS/x86_64/Packages/nspr-4.35.0-2.oe2309.x86_64.rpm [Failed to connect to 121.36.84.172 port 80 after 0 ms: Couldn'\''t connect to server]
[MIRROR] nss-3.89.0-1.oe2309.x86_64.rpm: Curl error (7): Couldn'\''t connect to server for http://121.36.84.172/dailybuild/openEuler-23.09/alpha_openeuler-2023-08-14-14-17-53/OS/x86_64/Packages/nss-3.89.0-1.oe2309.x86_64.rpm [Failed to connect to 121.36.84.172 port 80 after 0 ms: Couldn'\''t connect to server]
[MIRROR] nss-softokn-3.89.0-1.oe2309.x86_64.rpm: Curl error (7): Couldn'\''t connect to server for http://121.36.84.172/dailybuild/openEuler-23.09/alpha_openeuler-2023-08-14-14-17-53/OS/x86_64/Packages/nss-softokn-3.89.0-1.oe2309.x86_64.rpm [Failed to connect to 121.36.84.172 port 80 after 0 ms: Couldn'\''t connect to server]
[FAILED] nspr-4.35.0-2.oe2309.x86_64.rpm: No more mirrors to try - All mirrors were already tried without success

The downloaded packages were saved in cache until the next successful transaction.
You can remove cached packages by executing '\''dnf clean packages'\''.
Error: Error downloading packages:
  nspr-4.35.0-2.oe2309.x86_64: Cannot download, all mirrors were already tried without success'
+ '[' -z '' ']'
+ tmpfile='Last metadata expiration check: 1:50:04 ago on Fri 25 Aug 2023 03:44:42 AM UTC.
Dependencies resolved.
================================================================================
 Package             Architecture   Version                    Repository  Size
================================================================================
Installing:
 pesign              x86_64         116-1.oe2309               OS         156 k
Installing dependencies:
 nspr                x86_64         4.35.0-2.oe2309            OS         121 k
 nss                 x86_64         3.89.0-1.oe2309            OS         650 k
 nss-softokn         x86_64         3.89.0-1.oe2309            OS         685 k
 nss-util            x86_64         3.89.0-1.oe2309            OS         464 k

Transaction Summary
================================================================================
Install  5 Packages

Total download size: 2.0 M
Installed size: 8.2 M
Downloading Packages:
[MIRROR] nspr-4.35.0-2.oe2309.x86_64.rpm: Curl error (7): Couldn'\''t connect to server for http://121.36.84.172/dailybuild/openEuler-23.09/alpha_openeuler-2023-08-14-14-17-53/OS/x86_64/Packages/nspr-4.35.0-2.oe2309.x86_64.rpm [Failed to connect to 121.36.84.172 port 80 after 0 ms: Couldn'\''t connect to server]
[MIRROR] nss-3.89.0-1.oe2309.x86_64.rpm: Curl error (7): Couldn'\''t connect to server for http://121.36.84.172/dailybuild/openEuler-23.09/alpha_openeuler-2023-08-14-14-17-53/OS/x86_64/Packages/nss-3.89.0-1.oe2309.x86_64.rpm [Failed to connect to 121.36.84.172 port 80 after 0 ms: Couldn'\''t connect to server]
[MIRROR] nss-softokn-3.89.0-1.oe2309.x86_64.rpm: Curl error (7): Couldn'\''t connect to server for http://121.36.84.172/dailybuild/openEuler-23.09/alpha_openeuler-2023-08-14-14-17-53/OS/x86_64/Packages/nss-softokn-3.89.0-1.oe2309.x86_64.rpm [Failed to connect to 121.36.84.172 port 80 after 0 ms: Couldn'\''t connect to server]
[MIRROR] nspr-4.35.0-2.oe2309.x86_64.rpm: Curl error (7): Couldn'\''t connect to server for http://121.36.84.172/dailybuild/openEuler-23.09/alpha_openeuler-2023-08-14-14-17-53/OS/x86_64/Packages/nspr-4.35.0-2.oe2309.x86_64.rpm [Failed to connect to 121.36.84.172 port 80 after 0 ms: Couldn'\''t connect to server]
[MIRROR] nss-3.89.0-1.oe2309.x86_64.rpm: Curl error (7): Couldn'\''t connect to server for http://121.36.84.172/dailybuild/openEuler-23.09/alpha_openeuler-2023-08-14-14-17-53/OS/x86_64/Packages/nss-3.89.0-1.oe2309.x86_64.rpm [Failed to connect to 121.36.84.172 port 80 after 0 ms: Couldn'\''t connect to server]
[MIRROR] nss-softokn-3.89.0-1.oe2309.x86_64.rpm: Curl error (7): Couldn'\''t connect to server for http://121.36.84.172/dailybuild/openEuler-23.09/alpha_openeuler-2023-08-14-14-17-53/OS/x86_64/Packages/nss-softokn-3.89.0-1.oe2309.x86_64.rpm [Failed to connect to 121.36.84.172 port 80 after 0 ms: Couldn'\''t connect to server]
[FAILED] nspr-4.35.0-2.oe2309.x86_64.rpm: No more mirrors to try - All mirrors were already tried without success

The downloaded packages were saved in cache until the next successful transaction.
You can remove cached packages by executing '\''dnf clean packages'\''.
Error: Error downloading packages:
  nspr-4.35.0-2.oe2309.x86_64: Cannot download, all mirrors were already tried without success'
+ mkdir pesigntest
+ cd pesigntest
+ cp ../common/baidu.zip ./
+ cp ../common/grubx64.efi ./
+ unzip baidu.zip
oe_test_pesign_pesigcheck.sh: line 29: unzip: command not found
+ pesign -i grubx64.efi -o grubx64.efi.signed -c 'ALT Linux UEFI SB CA' -s -n ./baidu -t 'NSS Certificate DB' -a -v -p -P -N
oe_test_pesign_pesigcheck.sh: line 30: pesign: command not found
+ LOG_INFO 'End of environmental preparation!'
+ message='End of environmental preparation!'
+ python3 /root/mugen-riscv/libs/locallibs/mugen_log.py --level info --message 'End of environmental preparation!'
Fri Aug 25 05:34:46 2023 - INFO  - End of environmental preparation!
++ type -t run_test
+ '[' -n function ']'
+ run_test
+ LOG_INFO 'Start to run test.'
+ message='Start to run test.'
+ python3 /root/mugen-riscv/libs/locallibs/mugen_log.py --level info --message 'Start to run test.'
Fri Aug 25 05:34:46 2023 - INFO  - Start to run test.
+ pesigcheck '-?'
+ grep 'Usage: pesigcheck'
+ CHECK_RESULT 1 0 0 'Check pesigcheck -? failed'
+ actual_result=1
+ expect_result=0
+ mode=0
+ error_log='Check pesigcheck -? failed'
+ '[' -z 1 ']'
+ '[' 0 -eq 0 ']'
+ test 1x '!=' 0x
+ test -n 'Check pesigcheck -? failed'
+ LOG_ERROR 'Check pesigcheck -? failed'
+ message='Check pesigcheck -? failed'
+ python3 /root/mugen-riscv/libs/locallibs/mugen_log.py --level error --message 'Check pesigcheck -? failed'
Fri Aug 25 05:34:46 2023 - ERROR - Check pesigcheck -? failed
+ (( exec_result++ ))
+ LOG_ERROR 'oe_test_pesign_pesigcheck.sh line 37'
+ message='oe_test_pesign_pesigcheck.sh line 37'
+ python3 /root/mugen-riscv/libs/locallibs/mugen_log.py --level error --message 'oe_test_pesign_pesigcheck.sh line 37'
Fri Aug 25 05:34:46 2023 - ERROR - oe_test_pesign_pesigcheck.sh line 37
+ return 0
+ pesigcheck --help
+ grep 'Usage: pesigcheck'
+ CHECK_RESULT 1 0 0 'Check pesigcheck --help failed'
+ actual_result=1
+ expect_result=0
+ mode=0
+ error_log='Check pesigcheck --help failed'
+ '[' -z 1 ']'
+ '[' 0 -eq 0 ']'
+ test 1x '!=' 0x
+ test -n 'Check pesigcheck --help failed'
+ LOG_ERROR 'Check pesigcheck --help failed'
+ message='Check pesigcheck --help failed'
+ python3 /root/mugen-riscv/libs/locallibs/mugen_log.py --level error --message 'Check pesigcheck --help failed'
Fri Aug 25 05:34:46 2023 - ERROR - Check pesigcheck --help failed
+ (( exec_result++ ))
+ LOG_ERROR 'oe_test_pesign_pesigcheck.sh line 39'
+ message='oe_test_pesign_pesigcheck.sh line 39'
+ python3 /root/mugen-riscv/libs/locallibs/mugen_log.py --level error --message 'oe_test_pesign_pesigcheck.sh line 39'
Fri Aug 25 05:34:46 2023 - ERROR - oe_test_pesign_pesigcheck.sh line 39
+ return 0
+ pesigcheck --usage
+ grep 'Usage: pesigcheck'
+ CHECK_RESULT 1 0 0 'Check pesigcheck --usage failed'
+ actual_result=1
+ expect_result=0
+ mode=0
+ error_log='Check pesigcheck --usage failed'
+ '[' -z 1 ']'
+ '[' 0 -eq 0 ']'
+ test 1x '!=' 0x
+ test -n 'Check pesigcheck --usage failed'
+ LOG_ERROR 'Check pesigcheck --usage failed'
+ message='Check pesigcheck --usage failed'
+ python3 /root/mugen-riscv/libs/locallibs/mugen_log.py --level error --message 'Check pesigcheck --usage failed'
Fri Aug 25 05:34:46 2023 - ERROR - Check pesigcheck --usage failed
+ (( exec_result++ ))
+ LOG_ERROR 'oe_test_pesign_pesigcheck.sh line 41'
+ message='oe_test_pesign_pesigcheck.sh line 41'
+ python3 /root/mugen-riscv/libs/locallibs/mugen_log.py --level error --message 'oe_test_pesign_pesigcheck.sh line 41'
Fri Aug 25 05:34:46 2023 - ERROR - oe_test_pesign_pesigcheck.sh line 41
+ return 0
+ pesigcheck -i grubx64.efi -q -v -n 1 -D ./baidu/cert9.db
+ grep 'Searching db cert9.db'
oe_test_pesign_pesigcheck.sh: line 42: pesigcheck: command not found
+ CHECK_RESULT 1 0 0 'Check pesigcheck -i -q -v -n -D failed'
+ actual_result=1
+ expect_result=0
+ mode=0
+ error_log='Check pesigcheck -i -q -v -n -D failed'
+ '[' -z 1 ']'
+ '[' 0 -eq 0 ']'
+ test 1x '!=' 0x
+ test -n 'Check pesigcheck -i -q -v -n -D failed'
+ LOG_ERROR 'Check pesigcheck -i -q -v -n -D failed'
+ message='Check pesigcheck -i -q -v -n -D failed'
+ python3 /root/mugen-riscv/libs/locallibs/mugen_log.py --level error --message 'Check pesigcheck -i -q -v -n -D failed'
Fri Aug 25 05:34:46 2023 - ERROR - Check pesigcheck -i -q -v -n -D failed
+ (( exec_result++ ))
+ LOG_ERROR 'oe_test_pesign_pesigcheck.sh line 43'
+ message='oe_test_pesign_pesigcheck.sh line 43'
+ python3 /root/mugen-riscv/libs/locallibs/mugen_log.py --level error --message 'oe_test_pesign_pesigcheck.sh line 43'
Fri Aug 25 05:34:46 2023 - ERROR - oe_test_pesign_pesigcheck.sh line 43
+ return 0
+ pesigcheck --in=grubx64.efi --quiet --verbose --no-system-db=1 --dbfile=./baidu/cert9.db
oe_test_pesign_pesigcheck.sh: line 44: pesigcheck: command not found
+ grep 'Searching db cert9.db'
+ CHECK_RESULT 1 0 0 'Check pesigcheck --in --quiet --verbose --no-system-db --dbfile failed'
+ actual_result=1
+ expect_result=0
+ mode=0
+ error_log='Check pesigcheck --in --quiet --verbose --no-system-db --dbfile failed'
+ '[' -z 1 ']'
+ '[' 0 -eq 0 ']'
+ test 1x '!=' 0x
+ test -n 'Check pesigcheck --in --quiet --verbose --no-system-db --dbfile failed'
+ LOG_ERROR 'Check pesigcheck --in --quiet --verbose --no-system-db --dbfile failed'
+ message='Check pesigcheck --in --quiet --verbose --no-system-db --dbfile failed'
+ python3 /root/mugen-riscv/libs/locallibs/mugen_log.py --level error --message 'Check pesigcheck --in --quiet --verbose --no-system-db --dbfile failed'
Fri Aug 25 05:34:46 2023 - ERROR - Check pesigcheck --in --quiet --verbose --no-system-db --dbfile failed
+ (( exec_result++ ))
+ LOG_ERROR 'oe_test_pesign_pesigcheck.sh line 45'
+ message='oe_test_pesign_pesigcheck.sh line 45'
+ python3 /root/mugen-riscv/libs/locallibs/mugen_log.py --level error --message 'oe_test_pesign_pesigcheck.sh line 45'
Fri Aug 25 05:34:46 2023 - ERROR - oe_test_pesign_pesigcheck.sh line 45
+ return 0
+ grep 'Searching dbx cert9.db'
+ pesigcheck -i grubx64.efi -q -v -n 1 -X ./baidu/cert9.db -c grubx64.efi.signed
oe_test_pesign_pesigcheck.sh: line 46: pesigcheck: command not found
+ CHECK_RESULT 1 0 0 'Check pesigcheck -i -q -v -n -X -c failed'
+ actual_result=1
+ expect_result=0
+ mode=0
+ error_log='Check pesigcheck -i -q -v -n -X -c failed'
+ '[' -z 1 ']'
+ '[' 0 -eq 0 ']'
+ test 1x '!=' 0x
+ test -n 'Check pesigcheck -i -q -v -n -X -c failed'
+ LOG_ERROR 'Check pesigcheck -i -q -v -n -X -c failed'
+ message='Check pesigcheck -i -q -v -n -X -c failed'
+ python3 /root/mugen-riscv/libs/locallibs/mugen_log.py --level error --message 'Check pesigcheck -i -q -v -n -X -c failed'
Fri Aug 25 05:34:46 2023 - ERROR - Check pesigcheck -i -q -v -n -X -c failed
+ (( exec_result++ ))
+ LOG_ERROR 'oe_test_pesign_pesigcheck.sh line 47'
+ message='oe_test_pesign_pesigcheck.sh line 47'
+ python3 /root/mugen-riscv/libs/locallibs/mugen_log.py --level error --message 'oe_test_pesign_pesigcheck.sh line 47'
Fri Aug 25 05:34:46 2023 - ERROR - oe_test_pesign_pesigcheck.sh line 47
+ return 0
+ pesigcheck --in=grubx64.efi --quiet --verbose --no-system-db=1 --dbxfile=./baidu/cert9.db --certfile=grubx64.efi.signed
+ grep 'Searching dbx cert9.db'
oe_test_pesign_pesigcheck.sh: line 48: pesigcheck: command not found
+ CHECK_RESULT 1 0 0 'Check pesigcheck --in --quiet --verbose --no-system-db --dbxfile --certfile failed'
+ actual_result=1
+ expect_result=0
+ mode=0
+ error_log='Check pesigcheck --in --quiet --verbose --no-system-db --dbxfile --certfile failed'
+ '[' -z 1 ']'
+ '[' 0 -eq 0 ']'
+ test 1x '!=' 0x
+ test -n 'Check pesigcheck --in --quiet --verbose --no-system-db --dbxfile --certfile failed'
+ LOG_ERROR 'Check pesigcheck --in --quiet --verbose --no-system-db --dbxfile --certfile failed'
+ message='Check pesigcheck --in --quiet --verbose --no-system-db --dbxfile --certfile failed'
+ python3 /root/mugen-riscv/libs/locallibs/mugen_log.py --level error --message 'Check pesigcheck --in --quiet --verbose --no-system-db --dbxfile --certfile failed'
Fri Aug 25 05:34:46 2023 - ERROR - Check pesigcheck --in --quiet --verbose --no-system-db --dbxfile --certfile failed
+ (( exec_result++ ))
+ LOG_ERROR 'oe_test_pesign_pesigcheck.sh line 49'
+ message='oe_test_pesign_pesigcheck.sh line 49'
+ python3 /root/mugen-riscv/libs/locallibs/mugen_log.py --level error --message 'oe_test_pesign_pesigcheck.sh line 49'
Fri Aug 25 05:34:46 2023 - ERROR - oe_test_pesign_pesigcheck.sh line 49
+ return 0
+ authvar -i ./test -d ./baidu
oe_test_pesign_pesigcheck.sh: line 50: authvar: command not found
+ CHECK_RESULT 127 0 0 'Check authvar -i -d failed'
+ actual_result=127
+ expect_result=0
+ mode=0
+ error_log='Check authvar -i -d failed'
+ '[' -z 127 ']'
+ '[' 0 -eq 0 ']'
+ test 127x '!=' 0x
+ test -n 'Check authvar -i -d failed'
+ LOG_ERROR 'Check authvar -i -d failed'
+ message='Check authvar -i -d failed'
+ python3 /root/mugen-riscv/libs/locallibs/mugen_log.py --level error --message 'Check authvar -i -d failed'
Fri Aug 25 05:34:46 2023 - ERROR - Check authvar -i -d failed
+ (( exec_result++ ))
+ LOG_ERROR 'oe_test_pesign_pesigcheck.sh line 51'
+ message='oe_test_pesign_pesigcheck.sh line 51'
+ python3 /root/mugen-riscv/libs/locallibs/mugen_log.py --level error --message 'oe_test_pesign_pesigcheck.sh line 51'
Fri Aug 25 05:34:46 2023 - ERROR - oe_test_pesign_pesigcheck.sh line 51
+ return 0
+ authvar -l -d ./baidu
oe_test_pesign_pesigcheck.sh: line 52: authvar: command not found
+ CHECK_RESULT 127 0 0 'Check authvar -l -d failed'
+ actual_result=127
+ expect_result=0
+ mode=0
+ error_log='Check authvar -l -d failed'
+ '[' -z 127 ']'
+ '[' 0 -eq 0 ']'
+ test 127x '!=' 0x
+ test -n 'Check authvar -l -d failed'
+ LOG_ERROR 'Check authvar -l -d failed'
+ message='Check authvar -l -d failed'
+ python3 /root/mugen-riscv/libs/locallibs/mugen_log.py --level error --message 'Check authvar -l -d failed'
Fri Aug 25 05:34:46 2023 - ERROR - Check authvar -l -d failed
+ (( exec_result++ ))
+ LOG_ERROR 'oe_test_pesign_pesigcheck.sh line 53'
+ message='oe_test_pesign_pesigcheck.sh line 53'
+ python3 /root/mugen-riscv/libs/locallibs/mugen_log.py --level error --message 'oe_test_pesign_pesigcheck.sh line 53'
Fri Aug 25 05:34:46 2023 - ERROR - oe_test_pesign_pesigcheck.sh line 53
+ return 0
+ LOG_INFO 'End to run test.'
+ message='End to run test.'
+ python3 /root/mugen-riscv/libs/locallibs/mugen_log.py --level info --message 'End to run test.'
Fri Aug 25 05:34:46 2023 - INFO  - End to run test.
+ CASE_RESULT 0
+ case_re=0
+ test -z 9
+ test 9 -gt 0
+ LOG_ERROR 'failed to execute the case.'
+ message='failed to execute the case.'
+ python3 /root/mugen-riscv/libs/locallibs/mugen_log.py --level error --message 'failed to execute the case.'
Fri Aug 25 05:34:46 2023 - ERROR - failed to execute the case.
+ exit 9
+ post_test
+ LOG_INFO 'Start to restore the test environment.'
+ message='Start to restore the test environment.'
+ python3 /root/mugen-riscv/libs/locallibs/mugen_log.py --level info --message 'Start to restore the test environment.'
Fri Aug 25 05:34:46 2023 - INFO  - Start to restore the test environment.
+ DNF_REMOVE
+ node=1
+ pkg_list=
+ mode=0
+ [[ -z Last metadata expiration check: 1:50:04 ago on Fri 25 Aug 2023 03:44:42 AM UTC.
Dependencies resolved.
================================================================================
 Package             Architecture   Version                    Repository  Size
================================================================================
Installing:
 pesign              x86_64         116-1.oe2309               OS         156 k
Installing dependencies:
 nspr                x86_64         4.35.0-2.oe2309            OS         121 k
 nss                 x86_64         3.89.0-1.oe2309            OS         650 k
 nss-softokn         x86_64         3.89.0-1.oe2309            OS         685 k
 nss-util            x86_64         3.89.0-1.oe2309            OS         464 k

Transaction Summary
================================================================================
Install  5 Packages

Total download size: 2.0 M
Installed size: 8.2 M
Downloading Packages:
[MIRROR] nspr-4.35.0-2.oe2309.x86_64.rpm: Curl error (7): Couldn't connect to server for http://121.36.84.172/dailybuild/openEuler-23.09/alpha_openeuler-2023-08-14-14-17-53/OS/x86_64/Packages/nspr-4.35.0-2.oe2309.x86_64.rpm [Failed to connect to 121.36.84.172 port 80 after 0 ms: Couldn't connect to server]
[MIRROR] nss-3.89.0-1.oe2309.x86_64.rpm: Curl error (7): Couldn't connect to server for http://121.36.84.172/dailybuild/openEuler-23.09/alpha_openeuler-2023-08-14-14-17-53/OS/x86_64/Packages/nss-3.89.0-1.oe2309.x86_64.rpm [Failed to connect to 121.36.84.172 port 80 after 0 ms: Couldn't connect to server]
[MIRROR] nss-softokn-3.89.0-1.oe2309.x86_64.rpm: Curl error (7): Couldn't connect to server for http://121.36.84.172/dailybuild/openEuler-23.09/alpha_openeuler-2023-08-14-14-17-53/OS/x86_64/Packages/nss-softokn-3.89.0-1.oe2309.x86_64.rpm [Failed to connect to 121.36.84.172 port 80 after 0 ms: Couldn't connect to server]
[MIRROR] nspr-4.35.0-2.oe2309.x86_64.rpm: Curl error (7): Couldn't connect to server for http://121.36.84.172/dailybuild/openEuler-23.09/alpha_openeuler-2023-08-14-14-17-53/OS/x86_64/Packages/nspr-4.35.0-2.oe2309.x86_64.rpm [Failed to connect to 121.36.84.172 port 80 after 0 ms: Couldn't connect to server]
[MIRROR] nss-3.89.0-1.oe2309.x86_64.rpm: Curl error (7): Couldn't connect to server for http://121.36.84.172/dailybuild/openEuler-23.09/alpha_openeuler-2023-08-14-14-17-53/OS/x86_64/Packages/nss-3.89.0-1.oe2309.x86_64.rpm [Failed to connect to 121.36.84.172 port 80 after 0 ms: Couldn't connect to server]
[MIRROR] nss-softokn-3.89.0-1.oe2309.x86_64.rpm: Curl error (7): Couldn't connect to server for http://121.36.84.172/dailybuild/openEuler-23.09/alpha_openeuler-2023-08-14-14-17-53/OS/x86_64/Packages/nss-softokn-3.89.0-1.oe2309.x86_64.rpm [Failed to connect to 121.36.84.172 port 80 after 0 ms: Couldn't connect to server]
[FAILED] nspr-4.35.0-2.oe2309.x86_64.rpm: No more mirrors to try - All mirrors were already tried without success

The downloaded packages were saved in cache until the next successful transaction.
You can remove cached packages by executing 'dnf clean packages'.
Error: Error downloading packages:
  nspr-4.35.0-2.oe2309.x86_64: Cannot download, all mirrors were already tried without success ]]
+ '[' 0 -ne 0 ']'
+ '[' 1 == 0 ']'
+ python3 /root/mugen-riscv/libs/locallibs/rpm_manage.py remove --node 1 --pkgs '' --tempfile 'Last metadata expiration check: 1:50:04 ago on Fri 25 Aug 2023 03:44:42 AM UTC.
Dependencies resolved.
================================================================================
 Package             Architecture   Version                    Repository  Size
================================================================================
Installing:
 pesign              x86_64         116-1.oe2309               OS         156 k
Installing dependencies:
 nspr                x86_64         4.35.0-2.oe2309            OS         121 k
 nss                 x86_64         3.89.0-1.oe2309            OS         650 k
 nss-softokn         x86_64         3.89.0-1.oe2309            OS         685 k
 nss-util            x86_64         3.89.0-1.oe2309            OS         464 k

Transaction Summary
================================================================================
Install  5 Packages

Total download size: 2.0 M
Installed size: 8.2 M
Downloading Packages:
[MIRROR] nspr-4.35.0-2.oe2309.x86_64.rpm: Curl error (7): Couldn'\''t connect to server for http://121.36.84.172/dailybuild/openEuler-23.09/alpha_openeuler-2023-08-14-14-17-53/OS/x86_64/Packages/nspr-4.35.0-2.oe2309.x86_64.rpm [Failed to connect to 121.36.84.172 port 80 after 0 ms: Couldn'\''t connect to server]
[MIRROR] nss-3.89.0-1.oe2309.x86_64.rpm: Curl error (7): Couldn'\''t connect to server for http://121.36.84.172/dailybuild/openEuler-23.09/alpha_openeuler-2023-08-14-14-17-53/OS/x86_64/Packages/nss-3.89.0-1.oe2309.x86_64.rpm [Failed to connect to 121.36.84.172 port 80 after 0 ms: Couldn'\''t connect to server]
[MIRROR] nss-softokn-3.89.0-1.oe2309.x86_64.rpm: Curl error (7): Couldn'\''t connect to server for http://121.36.84.172/dailybuild/openEuler-23.09/alpha_openeuler-2023-08-14-14-17-53/OS/x86_64/Packages/nss-softokn-3.89.0-1.oe2309.x86_64.rpm [Failed to connect to 121.36.84.172 port 80 after 0 ms: Couldn'\''t connect to server]
[MIRROR] nspr-4.35.0-2.oe2309.x86_64.rpm: Curl error (7): Couldn'\''t connect to server for http://121.36.84.172/dailybuild/openEuler-23.09/alpha_openeuler-2023-08-14-14-17-53/OS/x86_64/Packages/nspr-4.35.0-2.oe2309.x86_64.rpm [Failed to connect to 121.36.84.172 port 80 after 0 ms: Couldn'\''t connect to server]
[MIRROR] nss-3.89.0-1.oe2309.x86_64.rpm: Curl error (7): Couldn'\''t connect to server for http://121.36.84.172/dailybuild/openEuler-23.09/alpha_openeuler-2023-08-14-14-17-53/OS/x86_64/Packages/nss-3.89.0-1.oe2309.x86_64.rpm [Failed to connect to 121.36.84.172 port 80 after 0 ms: Couldn'\''t connect to server]
[MIRROR] nss-softokn-3.89.0-1.oe2309.x86_64.rpm: Curl error (7): Couldn'\''t connect to server for http://121.36.84.172/dailybuild/openEuler-23.09/alpha_openeuler-2023-08-14-14-17-53/OS/x86_64/Packages/nss-softokn-3.89.0-1.oe2309.x86_64.rpm [Failed to connect to 121.36.84.172 port 80 after 0 ms: Couldn'\''t connect to server]
[FAILED] nspr-4.35.0-2.oe2309.x86_64.rpm: No more mirrors to try - All mirrors were already tried without success

The downloaded packages were saved in cache until the next successful transaction.
You can remove cached packages by executing '\''dnf clean packages'\''.
Error: Error downloading packages:
  nspr-4.35.0-2.oe2309.x86_64: Cannot download, all mirrors were already tried without success'
Traceback (most recent call last):
  File "/root/mugen-riscv/libs/locallibs/rpm_manage.py", line 181, in <module>
    exitcode = rpm_remove(args.node, args.pkgs, args.tempfile)
               ^^^^^^^^^^^^^^^^^^^^^^^^^^^^^^^^^^^^^^^^^^^^^^^
  File "/root/mugen-riscv/libs/locallibs/rpm_manage.py", line 152, in rpm_remove
    with open(tmpfile, "r") as f:
         ^^^^^^^^^^^^^^^^^^
OSError: [Errno 36] File name too long: "Last metadata expiration check: 1:50:04 ago on Fri 25 Aug 2023 03:44:42 AM UTC.\nDependencies resolved.\n================================================================================\n Package             Architecture   Version                    Repository  Size\n================================================================================\nInstalling:\n pesign              x86_64         116-1.oe2309               OS         156 k\nInstalling dependencies:\n nspr                x86_64         4.35.0-2.oe2309            OS         121 k\n nss                 x86_64         3.89.0-1.oe2309            OS         650 k\n nss-softokn         x86_64         3.89.0-1.oe2309            OS         685 k\n nss-util            x86_64         3.89.0-1.oe2309            OS         464 k\n\nTransaction Summary\n================================================================================\nInstall  5 Packages\n\nTotal download size: 2.0 M\nInstalled size: 8.2 M\nDownloading Packages:\n[MIRROR] nspr-4.35.0-2.oe2309.x86_64.rpm: Curl error (7): Couldn't connect to server for http://121.36.84.172/dailybuild/openEuler-23.09/alpha_openeuler-2023-08-14-14-17-53/OS/x86_64/Packages/nspr-4.35.0-2.oe2309.x86_64.rpm [Failed to connect to 121.36.84.172 port 80 after 0 ms: Couldn't connect to server]\n[MIRROR] nss-3.89.0-1.oe2309.x86_64.rpm: Curl error (7): Couldn't connect to server for http://121.36.84.172/dailybuild/openEuler-23.09/alpha_openeuler-2023-08-14-14-17-53/OS/x86_64/Packages/nss-3.89.0-1.oe2309.x86_64.rpm [Failed to connect to 121.36.84.172 port 80 after 0 ms: Couldn't connect to server]\n[MIRROR] nss-softokn-3.89.0-1.oe2309.x86_64.rpm: Curl error (7): Couldn't connect to server for http://121.36.84.172/dailybuild/openEuler-23.09/alpha_openeuler-2023-08-14-14-17-53/OS/x86_64/Packages/nss-softokn-3.89.0-1.oe2309.x86_64.rpm [Failed to connect to 121.36.84.172 port 80 after 0 ms: Couldn't connect to server]\n[MIRROR] nspr-4.35.0-2.oe2309.x86_64.rpm: Curl error (7): Couldn't connect to server for http://121.36.84.172/dailybuild/openEuler-23.09/alpha_openeuler-2023-08-14-14-17-53/OS/x86_64/Packages/nspr-4.35.0-2.oe2309.x86_64.rpm [Failed to connect to 121.36.84.172 port 80 after 0 ms: Couldn't connect to server]\n[MIRROR] nss-3.89.0-1.oe2309.x86_64.rpm: Curl error (7): Couldn't connect to server for http://121.36.84.172/dailybuild/openEuler-23.09/alpha_openeuler-2023-08-14-14-17-53/OS/x86_64/Packages/nss-3.89.0-1.oe2309.x86_64.rpm [Failed to connect to 121.36.84.172 port 80 after 0 ms: Couldn't connect to server]\n[MIRROR] nss-softokn-3.89.0-1.oe2309.x86_64.rpm: Curl error (7): Couldn't connect to server for http://121.36.84.172/dailybuild/openEuler-23.09/alpha_openeuler-2023-08-14-14-17-53/OS/x86_64/Packages/nss-softokn-3.89.0-1.oe2309.x86_64.rpm [Failed to connect to 121.36.84.172 port 80 after 0 ms: Couldn't connect to server]\n[FAILED] nspr-4.35.0-2.oe2309.x86_64.rpm: No more mirrors to try - All mirrors were already tried without success\n\nThe downloaded packages were saved in cache until the next successful transaction.\nYou can remove cached packages by executing 'dnf clean packages'.\nError: Error downloading packages:\n  nspr-4.35.0-2.oe2309.x86_64: Cannot download, all mirrors were already tried without success"
+ '[' 0 -ne 0 ']'
+ ps -ef
+ grep grubx64.efi
+ grep -v grep
+ xargs kill -9
+ awk '{print $2}'
kill: not enough arguments
+ cd ..
+ rm -rf pesigntest
+ LOG_INFO 'Finish restore the test environment.'
+ message='Finish restore the test environment.'
+ python3 /root/mugen-riscv/libs/locallibs/mugen_log.py --level info --message 'Finish restore the test environment.'
Fri Aug 25 05:34:46 2023 - INFO  - Finish restore the test environment.
