+ source /root/mugen-riscv/libs/locallibs/common_lib.sh
++ python3 --version
++ '[' 0 -eq 0 ']'
++ source /root/mugen-riscv/libs/locallibs/common_lib_python.sh
+ main
++ type -t post_test
+ '[' -n function ']'
+ trap post_test EXIT INT HUP TERM
+ rpm -qa
+ grep expect
++ type -t config_params
+ '[' -n '' ']'
++ type -t pre_test
+ '[' -n function ']'
+ pre_test
+ LOG_INFO 'Start environmental preparation.'
+ message='Start environmental preparation.'
+ python3 /root/mugen-riscv/libs/locallibs/mugen_log.py --level info --message 'Start environmental preparation.'
Fri Aug 25 05:34:40 2023 - INFO  - Start environmental preparation.
+ DNF_INSTALL pesign
+ pkgs=pesign
+ node=1
+ '[' -z '' ']'
+ tmpfile=
++ python3 /root/mugen-riscv/libs/locallibs/rpm_manage.py install --pkgs pesign --node 1 --tempfile ''
+ tmpfile2='Last metadata expiration check: 1:49:58 ago on Fri 25 Aug 2023 03:44:42 AM UTC.
Dependencies resolved.
================================================================================
 Package             Architecture   Version                    Repository  Size
================================================================================
Installing:
 pesign              x86_64         116-1.oe2309               OS         156 k
Installing dependencies:
 nspr                x86_64         4.35.0-2.oe2309            OS         121 k
 nss                 x86_64         3.89.0-1.oe2309            OS         650 k
 nss-softokn         x86_64         3.89.0-1.oe2309            OS         685 k
 nss-util            x86_64         3.89.0-1.oe2309            OS         464 k

Transaction Summary
================================================================================
Install  5 Packages

Total download size: 2.0 M
Installed size: 8.2 M
Downloading Packages:
[MIRROR] nspr-4.35.0-2.oe2309.x86_64.rpm: Curl error (7): Couldn'\''t connect to server for http://121.36.84.172/dailybuild/openEuler-23.09/alpha_openeuler-2023-08-14-14-17-53/OS/x86_64/Packages/nspr-4.35.0-2.oe2309.x86_64.rpm [Failed to connect to 121.36.84.172 port 80 after 0 ms: Couldn'\''t connect to server]
[MIRROR] nss-3.89.0-1.oe2309.x86_64.rpm: Curl error (7): Couldn'\''t connect to server for http://121.36.84.172/dailybuild/openEuler-23.09/alpha_openeuler-2023-08-14-14-17-53/OS/x86_64/Packages/nss-3.89.0-1.oe2309.x86_64.rpm [Failed to connect to 121.36.84.172 port 80 after 0 ms: Couldn'\''t connect to server]
[MIRROR] nss-softokn-3.89.0-1.oe2309.x86_64.rpm: Curl error (7): Couldn'\''t connect to server for http://121.36.84.172/dailybuild/openEuler-23.09/alpha_openeuler-2023-08-14-14-17-53/OS/x86_64/Packages/nss-softokn-3.89.0-1.oe2309.x86_64.rpm [Failed to connect to 121.36.84.172 port 80 after 0 ms: Couldn'\''t connect to server]
[MIRROR] nspr-4.35.0-2.oe2309.x86_64.rpm: Curl error (7): Couldn'\''t connect to server for http://121.36.84.172/dailybuild/openEuler-23.09/alpha_openeuler-2023-08-14-14-17-53/OS/x86_64/Packages/nspr-4.35.0-2.oe2309.x86_64.rpm [Failed to connect to 121.36.84.172 port 80 after 0 ms: Couldn'\''t connect to server]
[MIRROR] nss-3.89.0-1.oe2309.x86_64.rpm: Curl error (7): Couldn'\''t connect to server for http://121.36.84.172/dailybuild/openEuler-23.09/alpha_openeuler-2023-08-14-14-17-53/OS/x86_64/Packages/nss-3.89.0-1.oe2309.x86_64.rpm [Failed to connect to 121.36.84.172 port 80 after 0 ms: Couldn'\''t connect to server]
[MIRROR] nss-softokn-3.89.0-1.oe2309.x86_64.rpm: Curl error (7): Couldn'\''t connect to server for http://121.36.84.172/dailybuild/openEuler-23.09/alpha_openeuler-2023-08-14-14-17-53/OS/x86_64/Packages/nss-softokn-3.89.0-1.oe2309.x86_64.rpm [Failed to connect to 121.36.84.172 port 80 after 0 ms: Couldn'\''t connect to server]
[FAILED] nspr-4.35.0-2.oe2309.x86_64.rpm: No more mirrors to try - All mirrors were already tried without success

The downloaded packages were saved in cache until the next successful transaction.
You can remove cached packages by executing '\''dnf clean packages'\''.
Error: Error downloading packages:
  nspr-4.35.0-2.oe2309.x86_64: Cannot download, all mirrors were already tried without success'
+ '[' -z '' ']'
+ tmpfile='Last metadata expiration check: 1:49:58 ago on Fri 25 Aug 2023 03:44:42 AM UTC.
Dependencies resolved.
================================================================================
 Package             Architecture   Version                    Repository  Size
================================================================================
Installing:
 pesign              x86_64         116-1.oe2309               OS         156 k
Installing dependencies:
 nspr                x86_64         4.35.0-2.oe2309            OS         121 k
 nss                 x86_64         3.89.0-1.oe2309            OS         650 k
 nss-softokn         x86_64         3.89.0-1.oe2309            OS         685 k
 nss-util            x86_64         3.89.0-1.oe2309            OS         464 k

Transaction Summary
================================================================================
Install  5 Packages

Total download size: 2.0 M
Installed size: 8.2 M
Downloading Packages:
[MIRROR] nspr-4.35.0-2.oe2309.x86_64.rpm: Curl error (7): Couldn'\''t connect to server for http://121.36.84.172/dailybuild/openEuler-23.09/alpha_openeuler-2023-08-14-14-17-53/OS/x86_64/Packages/nspr-4.35.0-2.oe2309.x86_64.rpm [Failed to connect to 121.36.84.172 port 80 after 0 ms: Couldn'\''t connect to server]
[MIRROR] nss-3.89.0-1.oe2309.x86_64.rpm: Curl error (7): Couldn'\''t connect to server for http://121.36.84.172/dailybuild/openEuler-23.09/alpha_openeuler-2023-08-14-14-17-53/OS/x86_64/Packages/nss-3.89.0-1.oe2309.x86_64.rpm [Failed to connect to 121.36.84.172 port 80 after 0 ms: Couldn'\''t connect to server]
[MIRROR] nss-softokn-3.89.0-1.oe2309.x86_64.rpm: Curl error (7): Couldn'\''t connect to server for http://121.36.84.172/dailybuild/openEuler-23.09/alpha_openeuler-2023-08-14-14-17-53/OS/x86_64/Packages/nss-softokn-3.89.0-1.oe2309.x86_64.rpm [Failed to connect to 121.36.84.172 port 80 after 0 ms: Couldn'\''t connect to server]
[MIRROR] nspr-4.35.0-2.oe2309.x86_64.rpm: Curl error (7): Couldn'\''t connect to server for http://121.36.84.172/dailybuild/openEuler-23.09/alpha_openeuler-2023-08-14-14-17-53/OS/x86_64/Packages/nspr-4.35.0-2.oe2309.x86_64.rpm [Failed to connect to 121.36.84.172 port 80 after 0 ms: Couldn'\''t connect to server]
[MIRROR] nss-3.89.0-1.oe2309.x86_64.rpm: Curl error (7): Couldn'\''t connect to server for http://121.36.84.172/dailybuild/openEuler-23.09/alpha_openeuler-2023-08-14-14-17-53/OS/x86_64/Packages/nss-3.89.0-1.oe2309.x86_64.rpm [Failed to connect to 121.36.84.172 port 80 after 0 ms: Couldn'\''t connect to server]
[MIRROR] nss-softokn-3.89.0-1.oe2309.x86_64.rpm: Curl error (7): Couldn'\''t connect to server for http://121.36.84.172/dailybuild/openEuler-23.09/alpha_openeuler-2023-08-14-14-17-53/OS/x86_64/Packages/nss-softokn-3.89.0-1.oe2309.x86_64.rpm [Failed to connect to 121.36.84.172 port 80 after 0 ms: Couldn'\''t connect to server]
[FAILED] nspr-4.35.0-2.oe2309.x86_64.rpm: No more mirrors to try - All mirrors were already tried without success

The downloaded packages were saved in cache until the next successful transaction.
You can remove cached packages by executing '\''dnf clean packages'\''.
Error: Error downloading packages:
  nspr-4.35.0-2.oe2309.x86_64: Cannot download, all mirrors were already tried without success'
+ mkdir pesigntest
+ cd pesigntest
+ cp ../common/baidu.zip ./
+ cp ../common/grubx64.efi ./
+ unzip baidu.zip
oe_test_pesign_authvar.sh: line 29: unzip: command not found
+ LOG_INFO 'End of environmental preparation!'
+ message='End of environmental preparation!'
+ python3 /root/mugen-riscv/libs/locallibs/mugen_log.py --level info --message 'End of environmental preparation!'
Fri Aug 25 05:34:41 2023 - INFO  - End of environmental preparation!
++ type -t run_test
+ '[' -n function ']'
+ run_test
+ LOG_INFO 'Start to run test.'
+ message='Start to run test.'
+ python3 /root/mugen-riscv/libs/locallibs/mugen_log.py --level info --message 'Start to run test.'
Fri Aug 25 05:34:41 2023 - INFO  - Start to run test.
+ authvar '-?'
+ grep 'Usage: authvar'
+ CHECK_RESULT 1 0 0 'Check authvar -?  failed'
+ actual_result=1
+ expect_result=0
+ mode=0
+ error_log='Check authvar -?  failed'
+ '[' -z 1 ']'
+ '[' 0 -eq 0 ']'
+ test 1x '!=' 0x
+ test -n 'Check authvar -?  failed'
+ LOG_ERROR 'Check authvar -?  failed'
+ message='Check authvar -?  failed'
+ python3 /root/mugen-riscv/libs/locallibs/mugen_log.py --level error --message 'Check authvar -?  failed'
Fri Aug 25 05:34:41 2023 - ERROR - Check authvar -?  failed
+ (( exec_result++ ))
+ LOG_ERROR 'oe_test_pesign_authvar.sh line 36'
+ message='oe_test_pesign_authvar.sh line 36'
+ python3 /root/mugen-riscv/libs/locallibs/mugen_log.py --level error --message 'oe_test_pesign_authvar.sh line 36'
Fri Aug 25 05:34:41 2023 - ERROR - oe_test_pesign_authvar.sh line 36
+ return 0
+ authvar --help
+ grep 'Usage: authvar'
+ CHECK_RESULT 1 0 0 'Check authvar --help  failed'
+ actual_result=1
+ expect_result=0
+ mode=0
+ error_log='Check authvar --help  failed'
+ '[' -z 1 ']'
+ '[' 0 -eq 0 ']'
+ test 1x '!=' 0x
+ test -n 'Check authvar --help  failed'
+ LOG_ERROR 'Check authvar --help  failed'
+ message='Check authvar --help  failed'
+ python3 /root/mugen-riscv/libs/locallibs/mugen_log.py --level error --message 'Check authvar --help  failed'
Fri Aug 25 05:34:41 2023 - ERROR - Check authvar --help  failed
+ (( exec_result++ ))
+ LOG_ERROR 'oe_test_pesign_authvar.sh line 38'
+ message='oe_test_pesign_authvar.sh line 38'
+ python3 /root/mugen-riscv/libs/locallibs/mugen_log.py --level error --message 'oe_test_pesign_authvar.sh line 38'
Fri Aug 25 05:34:41 2023 - ERROR - oe_test_pesign_authvar.sh line 38
+ return 0
+ authvar --usage
+ grep 'Usage: authvar'
+ CHECK_RESULT 1 0 0 'Check authvar --usage  failed'
+ actual_result=1
+ expect_result=0
+ mode=0
+ error_log='Check authvar --usage  failed'
+ '[' -z 1 ']'
+ '[' 0 -eq 0 ']'
+ test 1x '!=' 0x
+ test -n 'Check authvar --usage  failed'
+ LOG_ERROR 'Check authvar --usage  failed'
+ message='Check authvar --usage  failed'
+ python3 /root/mugen-riscv/libs/locallibs/mugen_log.py --level error --message 'Check authvar --usage  failed'
Fri Aug 25 05:34:41 2023 - ERROR - Check authvar --usage  failed
+ (( exec_result++ ))
+ LOG_ERROR 'oe_test_pesign_authvar.sh line 40'
+ message='oe_test_pesign_authvar.sh line 40'
+ python3 /root/mugen-riscv/libs/locallibs/mugen_log.py --level error --message 'oe_test_pesign_authvar.sh line 40'
Fri Aug 25 05:34:41 2023 - ERROR - oe_test_pesign_authvar.sh line 40
+ return 0
+ authvar -d ./baidu -n name -v 11 -t 1668869610 -S 'ALT Linux UEFI SB CA' -s -e out -N global
oe_test_pesign_authvar.sh: line 41: authvar: command not found
+ CHECK_RESULT 127 0 0 'Check authvar -d -n -v -t -S -s -e -N failed'
+ actual_result=127
+ expect_result=0
+ mode=0
+ error_log='Check authvar -d -n -v -t -S -s -e -N failed'
+ '[' -z 127 ']'
+ '[' 0 -eq 0 ']'
+ test 127x '!=' 0x
+ test -n 'Check authvar -d -n -v -t -S -s -e -N failed'
+ LOG_ERROR 'Check authvar -d -n -v -t -S -s -e -N failed'
+ message='Check authvar -d -n -v -t -S -s -e -N failed'
+ python3 /root/mugen-riscv/libs/locallibs/mugen_log.py --level error --message 'Check authvar -d -n -v -t -S -s -e -N failed'
Fri Aug 25 05:34:41 2023 - ERROR - Check authvar -d -n -v -t -S -s -e -N failed
+ (( exec_result++ ))
+ LOG_ERROR 'oe_test_pesign_authvar.sh line 42'
+ message='oe_test_pesign_authvar.sh line 42'
+ python3 /root/mugen-riscv/libs/locallibs/mugen_log.py --level error --message 'oe_test_pesign_authvar.sh line 42'
Fri Aug 25 05:34:41 2023 - ERROR - oe_test_pesign_authvar.sh line 42
+ return 0
+ authvar --certdir=./baidu --name=name --value=11 --timestamp=1668869610 '--sign=ALT Linux UEFI SB CA' --set --export=out1 --namespace=global
oe_test_pesign_authvar.sh: line 43: authvar: command not found
+ CHECK_RESULT 127 0 0 'Check authvar --certdir --name --value --timestamp --sign --set --export --namespace failed'
+ actual_result=127
+ expect_result=0
+ mode=0
+ error_log='Check authvar --certdir --name --value --timestamp --sign --set --export --namespace failed'
+ '[' -z 127 ']'
+ '[' 0 -eq 0 ']'
+ test 127x '!=' 0x
+ test -n 'Check authvar --certdir --name --value --timestamp --sign --set --export --namespace failed'
+ LOG_ERROR 'Check authvar --certdir --name --value --timestamp --sign --set --export --namespace failed'
+ message='Check authvar --certdir --name --value --timestamp --sign --set --export --namespace failed'
+ python3 /root/mugen-riscv/libs/locallibs/mugen_log.py --level error --message 'Check authvar --certdir --name --value --timestamp --sign --set --export --namespace failed'
Fri Aug 25 05:34:41 2023 - ERROR - Check authvar --certdir --name --value --timestamp --sign --set --export --namespace failed
+ (( exec_result++ ))
+ LOG_ERROR 'oe_test_pesign_authvar.sh line 44'
+ message='oe_test_pesign_authvar.sh line 44'
+ python3 /root/mugen-riscv/libs/locallibs/mugen_log.py --level error --message 'oe_test_pesign_authvar.sh line 44'
Fri Aug 25 05:34:41 2023 - ERROR - oe_test_pesign_authvar.sh line 44
+ return 0
+ authvar -d ./baidu -n name -v 2 -t 1668869610 -S 'ALT Linux UEFI SB CA' -a -e out2
oe_test_pesign_authvar.sh: line 45: authvar: command not found
+ CHECK_RESULT 127 0 0 'Check authvar -d -n -v -t -S -a -e failed'
+ actual_result=127
+ expect_result=0
+ mode=0
+ error_log='Check authvar -d -n -v -t -S -a -e failed'
+ '[' -z 127 ']'
+ '[' 0 -eq 0 ']'
+ test 127x '!=' 0x
+ test -n 'Check authvar -d -n -v -t -S -a -e failed'
+ LOG_ERROR 'Check authvar -d -n -v -t -S -a -e failed'
+ message='Check authvar -d -n -v -t -S -a -e failed'
+ python3 /root/mugen-riscv/libs/locallibs/mugen_log.py --level error --message 'Check authvar -d -n -v -t -S -a -e failed'
Fri Aug 25 05:34:41 2023 - ERROR - Check authvar -d -n -v -t -S -a -e failed
+ (( exec_result++ ))
+ LOG_ERROR 'oe_test_pesign_authvar.sh line 46'
+ message='oe_test_pesign_authvar.sh line 46'
+ python3 /root/mugen-riscv/libs/locallibs/mugen_log.py --level error --message 'oe_test_pesign_authvar.sh line 46'
Fri Aug 25 05:34:41 2023 - ERROR - oe_test_pesign_authvar.sh line 46
+ return 0
+ authvar -d ./baidu -n name -v 2 -t 1668869610 -S 'ALT Linux UEFI SB CA' --append -e out3
oe_test_pesign_authvar.sh: line 47: authvar: command not found
+ CHECK_RESULT 127 0 0 'Check authvar -d -n -v -t -S --append -e failed'
+ actual_result=127
+ expect_result=0
+ mode=0
+ error_log='Check authvar -d -n -v -t -S --append -e failed'
+ '[' -z 127 ']'
+ '[' 0 -eq 0 ']'
+ test 127x '!=' 0x
+ test -n 'Check authvar -d -n -v -t -S --append -e failed'
+ LOG_ERROR 'Check authvar -d -n -v -t -S --append -e failed'
+ message='Check authvar -d -n -v -t -S --append -e failed'
+ python3 /root/mugen-riscv/libs/locallibs/mugen_log.py --level error --message 'Check authvar -d -n -v -t -S --append -e failed'
Fri Aug 25 05:34:41 2023 - ERROR - Check authvar -d -n -v -t -S --append -e failed
+ (( exec_result++ ))
+ LOG_ERROR 'oe_test_pesign_authvar.sh line 48'
+ message='oe_test_pesign_authvar.sh line 48'
+ python3 /root/mugen-riscv/libs/locallibs/mugen_log.py --level error --message 'oe_test_pesign_authvar.sh line 48'
Fri Aug 25 05:34:41 2023 - ERROR - oe_test_pesign_authvar.sh line 48
+ return 0
+ authvar -d ./baidu -c -S 'ALT Linux UEFI SB CA' -n name -e out4
oe_test_pesign_authvar.sh: line 49: authvar: command not found
+ CHECK_RESULT 127 0 0 'Check authvar -d -c -S -n -e failed'
+ actual_result=127
+ expect_result=0
+ mode=0
+ error_log='Check authvar -d -c -S -n -e failed'
+ '[' -z 127 ']'
+ '[' 0 -eq 0 ']'
+ test 127x '!=' 0x
+ test -n 'Check authvar -d -c -S -n -e failed'
+ LOG_ERROR 'Check authvar -d -c -S -n -e failed'
+ message='Check authvar -d -c -S -n -e failed'
+ python3 /root/mugen-riscv/libs/locallibs/mugen_log.py --level error --message 'Check authvar -d -c -S -n -e failed'
Fri Aug 25 05:34:41 2023 - ERROR - Check authvar -d -c -S -n -e failed
+ (( exec_result++ ))
+ LOG_ERROR 'oe_test_pesign_authvar.sh line 50'
+ message='oe_test_pesign_authvar.sh line 50'
+ python3 /root/mugen-riscv/libs/locallibs/mugen_log.py --level error --message 'oe_test_pesign_authvar.sh line 50'
Fri Aug 25 05:34:41 2023 - ERROR - oe_test_pesign_authvar.sh line 50
+ return 0
+ authvar -d ./baidu --clear -S 'ALT Linux UEFI SB CA' -n name -e out5
oe_test_pesign_authvar.sh: line 51: authvar: command not found
+ CHECK_RESULT 127 0 0 'Check authvar -d --clear -S -n -e failed'
+ actual_result=127
+ expect_result=0
+ mode=0
+ error_log='Check authvar -d --clear -S -n -e failed'
+ '[' -z 127 ']'
+ '[' 0 -eq 0 ']'
+ test 127x '!=' 0x
+ test -n 'Check authvar -d --clear -S -n -e failed'
+ LOG_ERROR 'Check authvar -d --clear -S -n -e failed'
+ message='Check authvar -d --clear -S -n -e failed'
+ python3 /root/mugen-riscv/libs/locallibs/mugen_log.py --level error --message 'Check authvar -d --clear -S -n -e failed'
Fri Aug 25 05:34:41 2023 - ERROR - Check authvar -d --clear -S -n -e failed
+ (( exec_result++ ))
+ LOG_ERROR 'oe_test_pesign_authvar.sh line 52'
+ message='oe_test_pesign_authvar.sh line 52'
+ python3 /root/mugen-riscv/libs/locallibs/mugen_log.py --level error --message 'oe_test_pesign_authvar.sh line 52'
Fri Aug 25 05:34:41 2023 - ERROR - oe_test_pesign_authvar.sh line 52
+ return 0
+ authvar -f out -d ./baidu -S 'ALT Linux UEFI SB CA' -s -n name -e out6
oe_test_pesign_authvar.sh: line 53: authvar: command not found
+ CHECK_RESULT 127 0 0 'Check authvar -f failed'
+ actual_result=127
+ expect_result=0
+ mode=0
+ error_log='Check authvar -f failed'
+ '[' -z 127 ']'
+ '[' 0 -eq 0 ']'
+ test 127x '!=' 0x
+ test -n 'Check authvar -f failed'
+ LOG_ERROR 'Check authvar -f failed'
+ message='Check authvar -f failed'
+ python3 /root/mugen-riscv/libs/locallibs/mugen_log.py --level error --message 'Check authvar -f failed'
Fri Aug 25 05:34:41 2023 - ERROR - Check authvar -f failed
+ (( exec_result++ ))
+ LOG_ERROR 'oe_test_pesign_authvar.sh line 54'
+ message='oe_test_pesign_authvar.sh line 54'
+ python3 /root/mugen-riscv/libs/locallibs/mugen_log.py --level error --message 'oe_test_pesign_authvar.sh line 54'
Fri Aug 25 05:34:41 2023 - ERROR - oe_test_pesign_authvar.sh line 54
+ return 0
+ authvar --valuefile=out -d ./baidu -S 'ALT Linux UEFI SB CA' -s -n name -e out7
oe_test_pesign_authvar.sh: line 55: authvar: command not found
+ CHECK_RESULT 127 0 0 'Check authvar --valuefilefailed'
+ actual_result=127
+ expect_result=0
+ mode=0
+ error_log='Check authvar --valuefilefailed'
+ '[' -z 127 ']'
+ '[' 0 -eq 0 ']'
+ test 127x '!=' 0x
+ test -n 'Check authvar --valuefilefailed'
+ LOG_ERROR 'Check authvar --valuefilefailed'
+ message='Check authvar --valuefilefailed'
+ python3 /root/mugen-riscv/libs/locallibs/mugen_log.py --level error --message 'Check authvar --valuefilefailed'
Fri Aug 25 05:34:41 2023 - ERROR - Check authvar --valuefilefailed
+ (( exec_result++ ))
+ LOG_ERROR 'oe_test_pesign_authvar.sh line 56'
+ message='oe_test_pesign_authvar.sh line 56'
+ python3 /root/mugen-riscv/libs/locallibs/mugen_log.py --level error --message 'oe_test_pesign_authvar.sh line 56'
Fri Aug 25 05:34:41 2023 - ERROR - oe_test_pesign_authvar.sh line 56
+ return 0
+ LOG_INFO 'End to run test.'
+ message='End to run test.'
+ python3 /root/mugen-riscv/libs/locallibs/mugen_log.py --level info --message 'End to run test.'
Fri Aug 25 05:34:41 2023 - INFO  - End to run test.
+ CASE_RESULT 0
+ case_re=0
+ test -z 11
+ test 11 -gt 0
+ LOG_ERROR 'failed to execute the case.'
+ message='failed to execute the case.'
+ python3 /root/mugen-riscv/libs/locallibs/mugen_log.py --level error --message 'failed to execute the case.'
Fri Aug 25 05:34:41 2023 - ERROR - failed to execute the case.
+ exit 11
+ post_test
+ LOG_INFO 'Start to restore the test environment.'
+ message='Start to restore the test environment.'
+ python3 /root/mugen-riscv/libs/locallibs/mugen_log.py --level info --message 'Start to restore the test environment.'
Fri Aug 25 05:34:41 2023 - INFO  - Start to restore the test environment.
+ DNF_REMOVE
+ node=1
+ pkg_list=
+ mode=0
+ [[ -z Last metadata expiration check: 1:49:58 ago on Fri 25 Aug 2023 03:44:42 AM UTC.
Dependencies resolved.
================================================================================
 Package             Architecture   Version                    Repository  Size
================================================================================
Installing:
 pesign              x86_64         116-1.oe2309               OS         156 k
Installing dependencies:
 nspr                x86_64         4.35.0-2.oe2309            OS         121 k
 nss                 x86_64         3.89.0-1.oe2309            OS         650 k
 nss-softokn         x86_64         3.89.0-1.oe2309            OS         685 k
 nss-util            x86_64         3.89.0-1.oe2309            OS         464 k

Transaction Summary
================================================================================
Install  5 Packages

Total download size: 2.0 M
Installed size: 8.2 M
Downloading Packages:
[MIRROR] nspr-4.35.0-2.oe2309.x86_64.rpm: Curl error (7): Couldn't connect to server for http://121.36.84.172/dailybuild/openEuler-23.09/alpha_openeuler-2023-08-14-14-17-53/OS/x86_64/Packages/nspr-4.35.0-2.oe2309.x86_64.rpm [Failed to connect to 121.36.84.172 port 80 after 0 ms: Couldn't connect to server]
[MIRROR] nss-3.89.0-1.oe2309.x86_64.rpm: Curl error (7): Couldn't connect to server for http://121.36.84.172/dailybuild/openEuler-23.09/alpha_openeuler-2023-08-14-14-17-53/OS/x86_64/Packages/nss-3.89.0-1.oe2309.x86_64.rpm [Failed to connect to 121.36.84.172 port 80 after 0 ms: Couldn't connect to server]
[MIRROR] nss-softokn-3.89.0-1.oe2309.x86_64.rpm: Curl error (7): Couldn't connect to server for http://121.36.84.172/dailybuild/openEuler-23.09/alpha_openeuler-2023-08-14-14-17-53/OS/x86_64/Packages/nss-softokn-3.89.0-1.oe2309.x86_64.rpm [Failed to connect to 121.36.84.172 port 80 after 0 ms: Couldn't connect to server]
[MIRROR] nspr-4.35.0-2.oe2309.x86_64.rpm: Curl error (7): Couldn't connect to server for http://121.36.84.172/dailybuild/openEuler-23.09/alpha_openeuler-2023-08-14-14-17-53/OS/x86_64/Packages/nspr-4.35.0-2.oe2309.x86_64.rpm [Failed to connect to 121.36.84.172 port 80 after 0 ms: Couldn't connect to server]
[MIRROR] nss-3.89.0-1.oe2309.x86_64.rpm: Curl error (7): Couldn't connect to server for http://121.36.84.172/dailybuild/openEuler-23.09/alpha_openeuler-2023-08-14-14-17-53/OS/x86_64/Packages/nss-3.89.0-1.oe2309.x86_64.rpm [Failed to connect to 121.36.84.172 port 80 after 0 ms: Couldn't connect to server]
[MIRROR] nss-softokn-3.89.0-1.oe2309.x86_64.rpm: Curl error (7): Couldn't connect to server for http://121.36.84.172/dailybuild/openEuler-23.09/alpha_openeuler-2023-08-14-14-17-53/OS/x86_64/Packages/nss-softokn-3.89.0-1.oe2309.x86_64.rpm [Failed to connect to 121.36.84.172 port 80 after 0 ms: Couldn't connect to server]
[FAILED] nspr-4.35.0-2.oe2309.x86_64.rpm: No more mirrors to try - All mirrors were already tried without success

The downloaded packages were saved in cache until the next successful transaction.
You can remove cached packages by executing 'dnf clean packages'.
Error: Error downloading packages:
  nspr-4.35.0-2.oe2309.x86_64: Cannot download, all mirrors were already tried without success ]]
+ '[' 0 -ne 0 ']'
+ '[' 1 == 0 ']'
+ python3 /root/mugen-riscv/libs/locallibs/rpm_manage.py remove --node 1 --pkgs '' --tempfile 'Last metadata expiration check: 1:49:58 ago on Fri 25 Aug 2023 03:44:42 AM UTC.
Dependencies resolved.
================================================================================
 Package             Architecture   Version                    Repository  Size
================================================================================
Installing:
 pesign              x86_64         116-1.oe2309               OS         156 k
Installing dependencies:
 nspr                x86_64         4.35.0-2.oe2309            OS         121 k
 nss                 x86_64         3.89.0-1.oe2309            OS         650 k
 nss-softokn         x86_64         3.89.0-1.oe2309            OS         685 k
 nss-util            x86_64         3.89.0-1.oe2309            OS         464 k

Transaction Summary
================================================================================
Install  5 Packages

Total download size: 2.0 M
Installed size: 8.2 M
Downloading Packages:
[MIRROR] nspr-4.35.0-2.oe2309.x86_64.rpm: Curl error (7): Couldn'\''t connect to server for http://121.36.84.172/dailybuild/openEuler-23.09/alpha_openeuler-2023-08-14-14-17-53/OS/x86_64/Packages/nspr-4.35.0-2.oe2309.x86_64.rpm [Failed to connect to 121.36.84.172 port 80 after 0 ms: Couldn'\''t connect to server]
[MIRROR] nss-3.89.0-1.oe2309.x86_64.rpm: Curl error (7): Couldn'\''t connect to server for http://121.36.84.172/dailybuild/openEuler-23.09/alpha_openeuler-2023-08-14-14-17-53/OS/x86_64/Packages/nss-3.89.0-1.oe2309.x86_64.rpm [Failed to connect to 121.36.84.172 port 80 after 0 ms: Couldn'\''t connect to server]
[MIRROR] nss-softokn-3.89.0-1.oe2309.x86_64.rpm: Curl error (7): Couldn'\''t connect to server for http://121.36.84.172/dailybuild/openEuler-23.09/alpha_openeuler-2023-08-14-14-17-53/OS/x86_64/Packages/nss-softokn-3.89.0-1.oe2309.x86_64.rpm [Failed to connect to 121.36.84.172 port 80 after 0 ms: Couldn'\''t connect to server]
[MIRROR] nspr-4.35.0-2.oe2309.x86_64.rpm: Curl error (7): Couldn'\''t connect to server for http://121.36.84.172/dailybuild/openEuler-23.09/alpha_openeuler-2023-08-14-14-17-53/OS/x86_64/Packages/nspr-4.35.0-2.oe2309.x86_64.rpm [Failed to connect to 121.36.84.172 port 80 after 0 ms: Couldn'\''t connect to server]
[MIRROR] nss-3.89.0-1.oe2309.x86_64.rpm: Curl error (7): Couldn'\''t connect to server for http://121.36.84.172/dailybuild/openEuler-23.09/alpha_openeuler-2023-08-14-14-17-53/OS/x86_64/Packages/nss-3.89.0-1.oe2309.x86_64.rpm [Failed to connect to 121.36.84.172 port 80 after 0 ms: Couldn'\''t connect to server]
[MIRROR] nss-softokn-3.89.0-1.oe2309.x86_64.rpm: Curl error (7): Couldn'\''t connect to server for http://121.36.84.172/dailybuild/openEuler-23.09/alpha_openeuler-2023-08-14-14-17-53/OS/x86_64/Packages/nss-softokn-3.89.0-1.oe2309.x86_64.rpm [Failed to connect to 121.36.84.172 port 80 after 0 ms: Couldn'\''t connect to server]
[FAILED] nspr-4.35.0-2.oe2309.x86_64.rpm: No more mirrors to try - All mirrors were already tried without success

The downloaded packages were saved in cache until the next successful transaction.
You can remove cached packages by executing '\''dnf clean packages'\''.
Error: Error downloading packages:
  nspr-4.35.0-2.oe2309.x86_64: Cannot download, all mirrors were already tried without success'
Traceback (most recent call last):
  File "/root/mugen-riscv/libs/locallibs/rpm_manage.py", line 181, in <module>
    exitcode = rpm_remove(args.node, args.pkgs, args.tempfile)
               ^^^^^^^^^^^^^^^^^^^^^^^^^^^^^^^^^^^^^^^^^^^^^^^
  File "/root/mugen-riscv/libs/locallibs/rpm_manage.py", line 152, in rpm_remove
    with open(tmpfile, "r") as f:
         ^^^^^^^^^^^^^^^^^^
OSError: [Errno 36] File name too long: "Last metadata expiration check: 1:49:58 ago on Fri 25 Aug 2023 03:44:42 AM UTC.\nDependencies resolved.\n================================================================================\n Package             Architecture   Version                    Repository  Size\n================================================================================\nInstalling:\n pesign              x86_64         116-1.oe2309               OS         156 k\nInstalling dependencies:\n nspr                x86_64         4.35.0-2.oe2309            OS         121 k\n nss                 x86_64         3.89.0-1.oe2309            OS         650 k\n nss-softokn         x86_64         3.89.0-1.oe2309            OS         685 k\n nss-util            x86_64         3.89.0-1.oe2309            OS         464 k\n\nTransaction Summary\n================================================================================\nInstall  5 Packages\n\nTotal download size: 2.0 M\nInstalled size: 8.2 M\nDownloading Packages:\n[MIRROR] nspr-4.35.0-2.oe2309.x86_64.rpm: Curl error (7): Couldn't connect to server for http://121.36.84.172/dailybuild/openEuler-23.09/alpha_openeuler-2023-08-14-14-17-53/OS/x86_64/Packages/nspr-4.35.0-2.oe2309.x86_64.rpm [Failed to connect to 121.36.84.172 port 80 after 0 ms: Couldn't connect to server]\n[MIRROR] nss-3.89.0-1.oe2309.x86_64.rpm: Curl error (7): Couldn't connect to server for http://121.36.84.172/dailybuild/openEuler-23.09/alpha_openeuler-2023-08-14-14-17-53/OS/x86_64/Packages/nss-3.89.0-1.oe2309.x86_64.rpm [Failed to connect to 121.36.84.172 port 80 after 0 ms: Couldn't connect to server]\n[MIRROR] nss-softokn-3.89.0-1.oe2309.x86_64.rpm: Curl error (7): Couldn't connect to server for http://121.36.84.172/dailybuild/openEuler-23.09/alpha_openeuler-2023-08-14-14-17-53/OS/x86_64/Packages/nss-softokn-3.89.0-1.oe2309.x86_64.rpm [Failed to connect to 121.36.84.172 port 80 after 0 ms: Couldn't connect to server]\n[MIRROR] nspr-4.35.0-2.oe2309.x86_64.rpm: Curl error (7): Couldn't connect to server for http://121.36.84.172/dailybuild/openEuler-23.09/alpha_openeuler-2023-08-14-14-17-53/OS/x86_64/Packages/nspr-4.35.0-2.oe2309.x86_64.rpm [Failed to connect to 121.36.84.172 port 80 after 0 ms: Couldn't connect to server]\n[MIRROR] nss-3.89.0-1.oe2309.x86_64.rpm: Curl error (7): Couldn't connect to server for http://121.36.84.172/dailybuild/openEuler-23.09/alpha_openeuler-2023-08-14-14-17-53/OS/x86_64/Packages/nss-3.89.0-1.oe2309.x86_64.rpm [Failed to connect to 121.36.84.172 port 80 after 0 ms: Couldn't connect to server]\n[MIRROR] nss-softokn-3.89.0-1.oe2309.x86_64.rpm: Curl error (7): Couldn't connect to server for http://121.36.84.172/dailybuild/openEuler-23.09/alpha_openeuler-2023-08-14-14-17-53/OS/x86_64/Packages/nss-softokn-3.89.0-1.oe2309.x86_64.rpm [Failed to connect to 121.36.84.172 port 80 after 0 ms: Couldn't connect to server]\n[FAILED] nspr-4.35.0-2.oe2309.x86_64.rpm: No more mirrors to try - All mirrors were already tried without success\n\nThe downloaded packages were saved in cache until the next successful transaction.\nYou can remove cached packages by executing 'dnf clean packages'.\nError: Error downloading packages:\n  nspr-4.35.0-2.oe2309.x86_64: Cannot download, all mirrors were already tried without success"
+ '[' 0 -ne 0 ']'
+ cd ..
+ rm -rf pesigntest
+ LOG_INFO 'Finish restore the test environment.'
+ message='Finish restore the test environment.'
+ python3 /root/mugen-riscv/libs/locallibs/mugen_log.py --level info --message 'Finish restore the test environment.'
Fri Aug 25 05:34:41 2023 - INFO  - Finish restore the test environment.
